-------------------------------------------------------------------------------
Test set: project_B.RunCucumberTest
-------------------------------------------------------------------------------
Tests run: 15, Failures: 0, Errors: 15, Skipped: 0, Time elapsed: 0.253 s <<< FAILURE! -- in project_B.RunCucumberTest
Examples.Example #1.1 -- Time elapsed: 0.069 s <<< ERROR!
io.cucumber.junit.platform.engine.UndefinedStepException: 
The step 'the todo with todo_id: 1, todo_title: "scan paperwork", todo_doneStatus: false, todo_description: "", exists' and 2 other step(s) are undefined.
You can implement these steps using the snippet(s) below:

@Given("the todo with todo_id: {int}, todo_title: {string}, todo_doneStatus: false, todo_description: {string}, exists")
public void the_todo_with_todo_id_todo_title_todo_done_status_false_todo_description_exists(Integer int1, String string, String string2) {
    // Write code here that turns the phrase above into concrete actions
    throw new io.cucumber.java.PendingException();
}
@When("the user creates project with project_title: {string}, project_completed: false, project_active: false, project_description: {string}, project_tasks: []")
public void the_user_creates_project_with_project_title_project_completed_false_project_active_false_project_description_project_tasks(String string, String string2) {
    // Write code here that turns the phrase above into concrete actions
    throw new io.cucumber.java.PendingException();
}
@Then("the new project with specific fields should exist under Projects")
public void the_new_project_with_specific_fields_should_exist_under_projects() {
    // Write code here that turns the phrase above into concrete actions
    throw new io.cucumber.java.PendingException();
}

	at io.cucumber.core.runtime.TestCaseResultObserver.assertTestCasePassed(TestCaseResultObserver.java:69)
	at io.cucumber.junit.platform.engine.TestCaseResultObserver.assertTestCasePassed(TestCaseResultObserver.java:22)
	at io.cucumber.junit.platform.engine.CucumberEngineExecutionContext.lambda$runTestCase$4(CucumberEngineExecutionContext.java:114)
	at io.cucumber.core.runtime.CucumberExecutionContext.lambda$runTestCase$5(CucumberExecutionContext.java:137)
	at io.cucumber.core.runtime.RethrowingThrowableCollector.executeAndThrow(RethrowingThrowableCollector.java:23)
	at io.cucumber.core.runtime.CucumberExecutionContext.runTestCase(CucumberExecutionContext.java:137)
	at io.cucumber.junit.platform.engine.CucumberEngineExecutionContext.runTestCase(CucumberEngineExecutionContext.java:109)
	at io.cucumber.junit.platform.engine.NodeDescriptor$PickleDescriptor.execute(NodeDescriptor.java:168)
	at io.cucumber.junit.platform.engine.NodeDescriptor$PickleDescriptor.execute(NodeDescriptor.java:90)
	at java.base/java.util.ArrayList.forEach(ArrayList.java:1596)
	at java.base/java.util.ArrayList.forEach(ArrayList.java:1596)
	at java.base/java.util.ArrayList.forEach(ArrayList.java:1596)
	at java.base/java.util.ArrayList.forEach(ArrayList.java:1596)

Examples.Example #1.1 -- Time elapsed: 0.007 s <<< ERROR!
io.cucumber.junit.platform.engine.UndefinedStepException: 
The step 'the todo with todo_id: 1, todo_title: "scan paperwork", todo_doneStatus: false, todo_description: "", exists' and 2 other step(s) are undefined.
You can implement these steps using the snippet(s) below:

@Given("the todo with todo_id: {int}, todo_title: {string}, todo_doneStatus: false, todo_description: {string}, exists")
public void the_todo_with_todo_id_todo_title_todo_done_status_false_todo_description_exists(Integer int1, String string, String string2) {
    // Write code here that turns the phrase above into concrete actions
    throw new io.cucumber.java.PendingException();
}
@When("the user creates project with project_title: {string}, project_completed: false, project_active: false, project_description: {string}, project_tasks: [\\{id:{int}}]")
public void the_user_creates_project_with_project_title_project_completed_false_project_active_false_project_description_project_tasks(String string, String string2, Integer int1) {
    // Write code here that turns the phrase above into concrete actions
    throw new io.cucumber.java.PendingException();
}
@Then("the new project with specific fields should exist under Projects")
public void the_new_project_with_specific_fields_should_exist_under_projects() {
    // Write code here that turns the phrase above into concrete actions
    throw new io.cucumber.java.PendingException();
}

	at io.cucumber.core.runtime.TestCaseResultObserver.assertTestCasePassed(TestCaseResultObserver.java:69)
	at io.cucumber.junit.platform.engine.TestCaseResultObserver.assertTestCasePassed(TestCaseResultObserver.java:22)
	at io.cucumber.junit.platform.engine.CucumberEngineExecutionContext.lambda$runTestCase$4(CucumberEngineExecutionContext.java:114)
	at io.cucumber.core.runtime.CucumberExecutionContext.lambda$runTestCase$5(CucumberExecutionContext.java:137)
	at io.cucumber.core.runtime.RethrowingThrowableCollector.executeAndThrow(RethrowingThrowableCollector.java:23)
	at io.cucumber.core.runtime.CucumberExecutionContext.runTestCase(CucumberExecutionContext.java:137)
	at io.cucumber.junit.platform.engine.CucumberEngineExecutionContext.runTestCase(CucumberEngineExecutionContext.java:109)
	at io.cucumber.junit.platform.engine.NodeDescriptor$PickleDescriptor.execute(NodeDescriptor.java:168)
	at io.cucumber.junit.platform.engine.NodeDescriptor$PickleDescriptor.execute(NodeDescriptor.java:90)
	at java.base/java.util.ArrayList.forEach(ArrayList.java:1596)
	at java.base/java.util.ArrayList.forEach(ArrayList.java:1596)
	at java.base/java.util.ArrayList.forEach(ArrayList.java:1596)
	at java.base/java.util.ArrayList.forEach(ArrayList.java:1596)

Examples.Example #1.1 -- Time elapsed: 0.008 s <<< ERROR!
io.cucumber.junit.platform.engine.UndefinedStepException: 
The step 'the todo with todo_id: 3, does not exist' and 3 other step(s) are undefined.
You can implement these steps using the snippet(s) below:

@Given("the todo with todo_id: {int}, does not exist")
public void the_todo_with_todo_id_does_not_exist(Integer int1) {
    // Write code here that turns the phrase above into concrete actions
    throw new io.cucumber.java.PendingException();
}
@When("the user creates project with project_title: {string}, project_completed: false, project_active: false, project_description: {string}, project_tasks: [\\{id:{int}}]")
public void the_user_creates_project_with_project_title_project_completed_false_project_active_false_project_description_project_tasks(String string, String string2, Integer int1) {
    // Write code here that turns the phrase above into concrete actions
    throw new io.cucumber.java.PendingException();
}
@Then("the new project with specific fields should not exist under Projects")
public void the_new_project_with_specific_fields_should_not_exist_under_projects() {
    // Write code here that turns the phrase above into concrete actions
    throw new io.cucumber.java.PendingException();
}
@Then("an error message should be displayed")
public void an_error_message_should_be_displayed() {
    // Write code here that turns the phrase above into concrete actions
    throw new io.cucumber.java.PendingException();
}

	at io.cucumber.core.runtime.TestCaseResultObserver.assertTestCasePassed(TestCaseResultObserver.java:69)
	at io.cucumber.junit.platform.engine.TestCaseResultObserver.assertTestCasePassed(TestCaseResultObserver.java:22)
	at io.cucumber.junit.platform.engine.CucumberEngineExecutionContext.lambda$runTestCase$4(CucumberEngineExecutionContext.java:114)
	at io.cucumber.core.runtime.CucumberExecutionContext.lambda$runTestCase$5(CucumberExecutionContext.java:137)
	at io.cucumber.core.runtime.RethrowingThrowableCollector.executeAndThrow(RethrowingThrowableCollector.java:23)
	at io.cucumber.core.runtime.CucumberExecutionContext.runTestCase(CucumberExecutionContext.java:137)
	at io.cucumber.junit.platform.engine.CucumberEngineExecutionContext.runTestCase(CucumberEngineExecutionContext.java:109)
	at io.cucumber.junit.platform.engine.NodeDescriptor$PickleDescriptor.execute(NodeDescriptor.java:168)
	at io.cucumber.junit.platform.engine.NodeDescriptor$PickleDescriptor.execute(NodeDescriptor.java:90)
	at java.base/java.util.ArrayList.forEach(ArrayList.java:1596)
	at java.base/java.util.ArrayList.forEach(ArrayList.java:1596)
	at java.base/java.util.ArrayList.forEach(ArrayList.java:1596)
	at java.base/java.util.ArrayList.forEach(ArrayList.java:1596)

Examples.Example #1.1 -- Time elapsed: 0.010 s <<< ERROR!
io.cucumber.junit.platform.engine.UndefinedStepException: 
The step 'the todo with todo_id: 1, todo_title: "scan paperwork", todo_doneStatus: false, todo_description: "", exists' and 3 other step(s) are undefined.
You can implement these steps using the snippet(s) below:

@Given("the todo with todo_id: {int}, todo_title: {string}, todo_doneStatus: false, todo_description: {string}, exists")
public void the_todo_with_todo_id_todo_title_todo_done_status_false_todo_description_exists(Integer int1, String string, String string2) {
    // Write code here that turns the phrase above into concrete actions
    throw new io.cucumber.java.PendingException();
}
@Given("project with project_title: {string}, project_completed: false, project_active: false, project_description: {string}, project_tasks: [], exists")
public void project_with_project_title_project_completed_false_project_active_false_project_description_project_tasks_exists(String string, String string2) {
    // Write code here that turns the phrase above into concrete actions
    throw new io.cucumber.java.PendingException();
}
@When("the user add the todo to the project")
public void the_user_add_the_todo_to_the_project() {
    // Write code here that turns the phrase above into concrete actions
    throw new io.cucumber.java.PendingException();
}
@Then("the todo should exist in the project's project_tasks field")
public void the_todo_should_exist_in_the_project_s_project_tasks_field() {
    // Write code here that turns the phrase above into concrete actions
    throw new io.cucumber.java.PendingException();
}

	at io.cucumber.core.runtime.TestCaseResultObserver.assertTestCasePassed(TestCaseResultObserver.java:69)
	at io.cucumber.junit.platform.engine.TestCaseResultObserver.assertTestCasePassed(TestCaseResultObserver.java:22)
	at io.cucumber.junit.platform.engine.CucumberEngineExecutionContext.lambda$runTestCase$4(CucumberEngineExecutionContext.java:114)
	at io.cucumber.core.runtime.CucumberExecutionContext.lambda$runTestCase$5(CucumberExecutionContext.java:137)
	at io.cucumber.core.runtime.RethrowingThrowableCollector.executeAndThrow(RethrowingThrowableCollector.java:23)
	at io.cucumber.core.runtime.CucumberExecutionContext.runTestCase(CucumberExecutionContext.java:137)
	at io.cucumber.junit.platform.engine.CucumberEngineExecutionContext.runTestCase(CucumberEngineExecutionContext.java:109)
	at io.cucumber.junit.platform.engine.NodeDescriptor$PickleDescriptor.execute(NodeDescriptor.java:168)
	at io.cucumber.junit.platform.engine.NodeDescriptor$PickleDescriptor.execute(NodeDescriptor.java:90)
	at java.base/java.util.ArrayList.forEach(ArrayList.java:1596)
	at java.base/java.util.ArrayList.forEach(ArrayList.java:1596)
	at java.base/java.util.ArrayList.forEach(ArrayList.java:1596)
	at java.base/java.util.ArrayList.forEach(ArrayList.java:1596)

Examples.Example #1.1 -- Time elapsed: 0.007 s <<< ERROR!
io.cucumber.junit.platform.engine.UndefinedStepException: 
The step 'the todo with todo_id: 1, todo_title: "scan paperwork", todo_doneStatus: false, todo_description: "", exists' and 3 other step(s) are undefined.
You can implement these steps using the snippet(s) below:

@Given("the todo with todo_id: {int}, todo_title: {string}, todo_doneStatus: false, todo_description: {string}, exists")
public void the_todo_with_todo_id_todo_title_todo_done_status_false_todo_description_exists(Integer int1, String string, String string2) {
    // Write code here that turns the phrase above into concrete actions
    throw new io.cucumber.java.PendingException();
}
@Given("project with project_title: {string}, project_completed: false, project_active: false, project_description: {string}, project_tasks: [\\{id:{int}},\\{id:{int}}], exists")
public void project_with_project_title_project_completed_false_project_active_false_project_description_project_tasks_exists(String string, String string2, Integer int1, Integer int2) {
    // Write code here that turns the phrase above into concrete actions
    throw new io.cucumber.java.PendingException();
}
@When("the user add the todo to the project")
public void the_user_add_the_todo_to_the_project() {
    // Write code here that turns the phrase above into concrete actions
    throw new io.cucumber.java.PendingException();
}
@Then("nothing will change")
public void nothing_will_change() {
    // Write code here that turns the phrase above into concrete actions
    throw new io.cucumber.java.PendingException();
}

	at io.cucumber.core.runtime.TestCaseResultObserver.assertTestCasePassed(TestCaseResultObserver.java:69)
	at io.cucumber.junit.platform.engine.TestCaseResultObserver.assertTestCasePassed(TestCaseResultObserver.java:22)
	at io.cucumber.junit.platform.engine.CucumberEngineExecutionContext.lambda$runTestCase$4(CucumberEngineExecutionContext.java:114)
	at io.cucumber.core.runtime.CucumberExecutionContext.lambda$runTestCase$5(CucumberExecutionContext.java:137)
	at io.cucumber.core.runtime.RethrowingThrowableCollector.executeAndThrow(RethrowingThrowableCollector.java:23)
	at io.cucumber.core.runtime.CucumberExecutionContext.runTestCase(CucumberExecutionContext.java:137)
	at io.cucumber.junit.platform.engine.CucumberEngineExecutionContext.runTestCase(CucumberEngineExecutionContext.java:109)
	at io.cucumber.junit.platform.engine.NodeDescriptor$PickleDescriptor.execute(NodeDescriptor.java:168)
	at io.cucumber.junit.platform.engine.NodeDescriptor$PickleDescriptor.execute(NodeDescriptor.java:90)
	at java.base/java.util.ArrayList.forEach(ArrayList.java:1596)
	at java.base/java.util.ArrayList.forEach(ArrayList.java:1596)
	at java.base/java.util.ArrayList.forEach(ArrayList.java:1596)
	at java.base/java.util.ArrayList.forEach(ArrayList.java:1596)

Examples.Example #1.1 -- Time elapsed: 0.004 s <<< ERROR!
io.cucumber.junit.platform.engine.UndefinedStepException: 
The step 'the todo with todo_id: 1, todo_title: "scan paperwork", todo_doneStatus: false, todo_description: "", does not exist' and 4 other step(s) are undefined.
You can implement these steps using the snippet(s) below:

@Given("the todo with todo_id: {int}, todo_title: {string}, todo_doneStatus: false, todo_description: {string}, does not exist")
public void the_todo_with_todo_id_todo_title_todo_done_status_false_todo_description_does_not_exist(Integer int1, String string, String string2) {
    // Write code here that turns the phrase above into concrete actions
    throw new io.cucumber.java.PendingException();
}
@Given("project with project_title: {string}, project_completed: false, project_active: false, project_description: {string}, project_tasks: [], exists")
public void project_with_project_title_project_completed_false_project_active_false_project_description_project_tasks_exists(String string, String string2) {
    // Write code here that turns the phrase above into concrete actions
    throw new io.cucumber.java.PendingException();
}
@When("the user add the todo to the project")
public void the_user_add_the_todo_to_the_project() {
    // Write code here that turns the phrase above into concrete actions
    throw new io.cucumber.java.PendingException();
}
@Then("the todo should not exist in the project's project_tasks field")
public void the_todo_should_not_exist_in_the_project_s_project_tasks_field() {
    // Write code here that turns the phrase above into concrete actions
    throw new io.cucumber.java.PendingException();
}
@Then("an error message should be displayed")
public void an_error_message_should_be_displayed() {
    // Write code here that turns the phrase above into concrete actions
    throw new io.cucumber.java.PendingException();
}

	at io.cucumber.core.runtime.TestCaseResultObserver.assertTestCasePassed(TestCaseResultObserver.java:69)
	at io.cucumber.junit.platform.engine.TestCaseResultObserver.assertTestCasePassed(TestCaseResultObserver.java:22)
	at io.cucumber.junit.platform.engine.CucumberEngineExecutionContext.lambda$runTestCase$4(CucumberEngineExecutionContext.java:114)
	at io.cucumber.core.runtime.CucumberExecutionContext.lambda$runTestCase$5(CucumberExecutionContext.java:137)
	at io.cucumber.core.runtime.RethrowingThrowableCollector.executeAndThrow(RethrowingThrowableCollector.java:23)
	at io.cucumber.core.runtime.CucumberExecutionContext.runTestCase(CucumberExecutionContext.java:137)
	at io.cucumber.junit.platform.engine.CucumberEngineExecutionContext.runTestCase(CucumberEngineExecutionContext.java:109)
	at io.cucumber.junit.platform.engine.NodeDescriptor$PickleDescriptor.execute(NodeDescriptor.java:168)
	at io.cucumber.junit.platform.engine.NodeDescriptor$PickleDescriptor.execute(NodeDescriptor.java:90)
	at java.base/java.util.ArrayList.forEach(ArrayList.java:1596)
	at java.base/java.util.ArrayList.forEach(ArrayList.java:1596)
	at java.base/java.util.ArrayList.forEach(ArrayList.java:1596)
	at java.base/java.util.ArrayList.forEach(ArrayList.java:1596)

Examples.Example #1.1 -- Time elapsed: 0.004 s <<< ERROR!
io.cucumber.junit.platform.engine.UndefinedStepException: 
The step 'the project with project_title: "Office Work", project_completed: false, project_active: false, project_description: "", project_tasks: [{id:1},{id:2}], exists' and 2 other step(s) are undefined.
You can implement these steps using the snippet(s) below:

@Given("the project with project_title: {string}, project_completed: false, project_active: false, project_description: {string}, project_tasks: [\\{id:{int}},\\{id:{int}}], exists")
public void the_project_with_project_title_project_completed_false_project_active_false_project_description_project_tasks_exists(String string, String string2, Integer int1, Integer int2) {
    // Write code here that turns the phrase above into concrete actions
    throw new io.cucumber.java.PendingException();
}
@When("the user set the project with project_title: {string}, project_completed: true, project_active: true, project_description: {string}")
public void the_user_set_the_project_with_project_title_project_completed_true_project_active_true_project_description(String string, String string2) {
    // Write code here that turns the phrase above into concrete actions
    throw new io.cucumber.java.PendingException();
}
@Then("the project's non-tasks fields should be updated")
public void the_project_s_non_tasks_fields_should_be_updated() {
    // Write code here that turns the phrase above into concrete actions
    throw new io.cucumber.java.PendingException();
}

	at io.cucumber.core.runtime.TestCaseResultObserver.assertTestCasePassed(TestCaseResultObserver.java:69)
	at io.cucumber.junit.platform.engine.TestCaseResultObserver.assertTestCasePassed(TestCaseResultObserver.java:22)
	at io.cucumber.junit.platform.engine.CucumberEngineExecutionContext.lambda$runTestCase$4(CucumberEngineExecutionContext.java:114)
	at io.cucumber.core.runtime.CucumberExecutionContext.lambda$runTestCase$5(CucumberExecutionContext.java:137)
	at io.cucumber.core.runtime.RethrowingThrowableCollector.executeAndThrow(RethrowingThrowableCollector.java:23)
	at io.cucumber.core.runtime.CucumberExecutionContext.runTestCase(CucumberExecutionContext.java:137)
	at io.cucumber.junit.platform.engine.CucumberEngineExecutionContext.runTestCase(CucumberEngineExecutionContext.java:109)
	at io.cucumber.junit.platform.engine.NodeDescriptor$PickleDescriptor.execute(NodeDescriptor.java:168)
	at io.cucumber.junit.platform.engine.NodeDescriptor$PickleDescriptor.execute(NodeDescriptor.java:90)
	at java.base/java.util.ArrayList.forEach(ArrayList.java:1596)
	at java.base/java.util.ArrayList.forEach(ArrayList.java:1596)
	at java.base/java.util.ArrayList.forEach(ArrayList.java:1596)
	at java.base/java.util.ArrayList.forEach(ArrayList.java:1596)

Examples.Example #1.1 -- Time elapsed: 0.005 s <<< ERROR!
io.cucumber.junit.platform.engine.UndefinedStepException: 
The step 'the project with project_title: "Office Work", project_completed: false, project_active: false, project_description: "", project_tasks: [{id:1},{id:2}], exists' and 2 other step(s) are undefined.
You can implement these steps using the snippet(s) below:

@Given("the project with project_title: {string}, project_completed: false, project_active: false, project_description: {string}, project_tasks: [\\{id:{int}},\\{id:{int}}], exists")
public void the_project_with_project_title_project_completed_false_project_active_false_project_description_project_tasks_exists(String string, String string2, Integer int1, Integer int2) {
    // Write code here that turns the phrase above into concrete actions
    throw new io.cucumber.java.PendingException();
}
@When("the user set the project with project_title: {string}, project_completed: false, project_active: false, project_description: {string}")
public void the_user_set_the_project_with_project_title_project_completed_false_project_active_false_project_description(String string, String string2) {
    // Write code here that turns the phrase above into concrete actions
    throw new io.cucumber.java.PendingException();
}
@Then("the project's non-tasks fields should remain the original values")
public void the_project_s_non_tasks_fields_should_remain_the_original_values() {
    // Write code here that turns the phrase above into concrete actions
    throw new io.cucumber.java.PendingException();
}

	at io.cucumber.core.runtime.TestCaseResultObserver.assertTestCasePassed(TestCaseResultObserver.java:69)
	at io.cucumber.junit.platform.engine.TestCaseResultObserver.assertTestCasePassed(TestCaseResultObserver.java:22)
	at io.cucumber.junit.platform.engine.CucumberEngineExecutionContext.lambda$runTestCase$4(CucumberEngineExecutionContext.java:114)
	at io.cucumber.core.runtime.CucumberExecutionContext.lambda$runTestCase$5(CucumberExecutionContext.java:137)
	at io.cucumber.core.runtime.RethrowingThrowableCollector.executeAndThrow(RethrowingThrowableCollector.java:23)
	at io.cucumber.core.runtime.CucumberExecutionContext.runTestCase(CucumberExecutionContext.java:137)
	at io.cucumber.junit.platform.engine.CucumberEngineExecutionContext.runTestCase(CucumberEngineExecutionContext.java:109)
	at io.cucumber.junit.platform.engine.NodeDescriptor$PickleDescriptor.execute(NodeDescriptor.java:168)
	at io.cucumber.junit.platform.engine.NodeDescriptor$PickleDescriptor.execute(NodeDescriptor.java:90)
	at java.base/java.util.ArrayList.forEach(ArrayList.java:1596)
	at java.base/java.util.ArrayList.forEach(ArrayList.java:1596)
	at java.base/java.util.ArrayList.forEach(ArrayList.java:1596)
	at java.base/java.util.ArrayList.forEach(ArrayList.java:1596)

Examples.Example #1.1 -- Time elapsed: 0.005 s <<< ERROR!
io.cucumber.junit.platform.engine.UndefinedStepException: 
The step 'the project with project_title: "ECSE429", project_completed: false, project_active: false, project_description: "", project_tasks: [], does not exist' and 3 other step(s) are undefined.
You can implement these steps using the snippet(s) below:

@Given("the project with project_title: {string}, project_completed: false, project_active: false, project_description: {string}, project_tasks: [], does not exist")
public void the_project_with_project_title_project_completed_false_project_active_false_project_description_project_tasks_does_not_exist(String string, String string2) {
    // Write code here that turns the phrase above into concrete actions
    throw new io.cucumber.java.PendingException();
}
@When("the user set the project with project_title: {string}, project_completed: true, project_active: true, project_description: {string}")
public void the_user_set_the_project_with_project_title_project_completed_true_project_active_true_project_description(String string, String string2) {
    // Write code here that turns the phrase above into concrete actions
    throw new io.cucumber.java.PendingException();
}
@Then("the project with modified non-tasks fields should not exist under Projects")
public void the_project_with_modified_non_tasks_fields_should_not_exist_under_projects() {
    // Write code here that turns the phrase above into concrete actions
    throw new io.cucumber.java.PendingException();
}
@Then("an error message should be displayed")
public void an_error_message_should_be_displayed() {
    // Write code here that turns the phrase above into concrete actions
    throw new io.cucumber.java.PendingException();
}

	at io.cucumber.core.runtime.TestCaseResultObserver.assertTestCasePassed(TestCaseResultObserver.java:69)
	at io.cucumber.junit.platform.engine.TestCaseResultObserver.assertTestCasePassed(TestCaseResultObserver.java:22)
	at io.cucumber.junit.platform.engine.CucumberEngineExecutionContext.lambda$runTestCase$4(CucumberEngineExecutionContext.java:114)
	at io.cucumber.core.runtime.CucumberExecutionContext.lambda$runTestCase$5(CucumberExecutionContext.java:137)
	at io.cucumber.core.runtime.RethrowingThrowableCollector.executeAndThrow(RethrowingThrowableCollector.java:23)
	at io.cucumber.core.runtime.CucumberExecutionContext.runTestCase(CucumberExecutionContext.java:137)
	at io.cucumber.junit.platform.engine.CucumberEngineExecutionContext.runTestCase(CucumberEngineExecutionContext.java:109)
	at io.cucumber.junit.platform.engine.NodeDescriptor$PickleDescriptor.execute(NodeDescriptor.java:168)
	at io.cucumber.junit.platform.engine.NodeDescriptor$PickleDescriptor.execute(NodeDescriptor.java:90)
	at java.base/java.util.ArrayList.forEach(ArrayList.java:1596)
	at java.base/java.util.ArrayList.forEach(ArrayList.java:1596)
	at java.base/java.util.ArrayList.forEach(ArrayList.java:1596)
	at java.base/java.util.ArrayList.forEach(ArrayList.java:1596)

Examples.Example #1.1 -- Time elapsed: 0.005 s <<< ERROR!
io.cucumber.junit.platform.engine.UndefinedStepException: 
The step 'the todo with todo_id: 1, todo_title: "scan paperwork", todo_doneStatus: false, todo_description: "", exists' and 3 other step(s) are undefined.
You can implement these steps using the snippet(s) below:

@Given("the todo with todo_id: {int}, todo_title: {string}, todo_doneStatus: false, todo_description: {string}, exists")
public void the_todo_with_todo_id_todo_title_todo_done_status_false_todo_description_exists(Integer int1, String string, String string2) {
    // Write code here that turns the phrase above into concrete actions
    throw new io.cucumber.java.PendingException();
}
@Given("project with project_title: {string}, project_completed: false, project_active: false, project_description: {string}, project_tasks: [\\{id:{int}}], exists")
public void project_with_project_title_project_completed_false_project_active_false_project_description_project_tasks_exists(String string, String string2, Integer int1) {
    // Write code here that turns the phrase above into concrete actions
    throw new io.cucumber.java.PendingException();
}
@When("the user tries to remove the todo from the project")
public void the_user_tries_to_remove_the_todo_from_the_project() {
    // Write code here that turns the phrase above into concrete actions
    throw new io.cucumber.java.PendingException();
}
@Then("the todo should not exist in the project's project_tasks field")
public void the_todo_should_not_exist_in_the_project_s_project_tasks_field() {
    // Write code here that turns the phrase above into concrete actions
    throw new io.cucumber.java.PendingException();
}

	at io.cucumber.core.runtime.TestCaseResultObserver.assertTestCasePassed(TestCaseResultObserver.java:69)
	at io.cucumber.junit.platform.engine.TestCaseResultObserver.assertTestCasePassed(TestCaseResultObserver.java:22)
	at io.cucumber.junit.platform.engine.CucumberEngineExecutionContext.lambda$runTestCase$4(CucumberEngineExecutionContext.java:114)
	at io.cucumber.core.runtime.CucumberExecutionContext.lambda$runTestCase$5(CucumberExecutionContext.java:137)
	at io.cucumber.core.runtime.RethrowingThrowableCollector.executeAndThrow(RethrowingThrowableCollector.java:23)
	at io.cucumber.core.runtime.CucumberExecutionContext.runTestCase(CucumberExecutionContext.java:137)
	at io.cucumber.junit.platform.engine.CucumberEngineExecutionContext.runTestCase(CucumberEngineExecutionContext.java:109)
	at io.cucumber.junit.platform.engine.NodeDescriptor$PickleDescriptor.execute(NodeDescriptor.java:168)
	at io.cucumber.junit.platform.engine.NodeDescriptor$PickleDescriptor.execute(NodeDescriptor.java:90)
	at java.base/java.util.ArrayList.forEach(ArrayList.java:1596)
	at java.base/java.util.ArrayList.forEach(ArrayList.java:1596)
	at java.base/java.util.ArrayList.forEach(ArrayList.java:1596)
	at java.base/java.util.ArrayList.forEach(ArrayList.java:1596)

Examples.Example #1.1 -- Time elapsed: 0.006 s <<< ERROR!
io.cucumber.junit.platform.engine.UndefinedStepException: 
The step 'the todo with todo_id: 1, todo_title: "scan paperwork", todo_doneStatus: false, todo_description: "", exists' and 4 other step(s) are undefined.
You can implement these steps using the snippet(s) below:

@Given("the todo with todo_id: {int}, todo_title: {string}, todo_doneStatus: false, todo_description: {string}, exists")
public void the_todo_with_todo_id_todo_title_todo_done_status_false_todo_description_exists(Integer int1, String string, String string2) {
    // Write code here that turns the phrase above into concrete actions
    throw new io.cucumber.java.PendingException();
}
@Given("project with project_title: {string}, project_completed: false, project_active: false, project_description: {string}, project_tasks: [\\{id:{int}},\\{id:{int}}], exists")
public void project_with_project_title_project_completed_false_project_active_false_project_description_project_tasks_exists(String string, String string2, Integer int1, Integer int2) {
    // Write code here that turns the phrase above into concrete actions
    throw new io.cucumber.java.PendingException();
}
@When("the user tries to remove the todo from the project")
public void the_user_tries_to_remove_the_todo_from_the_project() {
    // Write code here that turns the phrase above into concrete actions
    throw new io.cucumber.java.PendingException();
}
@Then("the todo should not exist in the project's project_tasks field")
public void the_todo_should_not_exist_in_the_project_s_project_tasks_field() {
    // Write code here that turns the phrase above into concrete actions
    throw new io.cucumber.java.PendingException();
}
@Then("other todos related to the project will not be affected")
public void other_todos_related_to_the_project_will_not_be_affected() {
    // Write code here that turns the phrase above into concrete actions
    throw new io.cucumber.java.PendingException();
}

	at io.cucumber.core.runtime.TestCaseResultObserver.assertTestCasePassed(TestCaseResultObserver.java:69)
	at io.cucumber.junit.platform.engine.TestCaseResultObserver.assertTestCasePassed(TestCaseResultObserver.java:22)
	at io.cucumber.junit.platform.engine.CucumberEngineExecutionContext.lambda$runTestCase$4(CucumberEngineExecutionContext.java:114)
	at io.cucumber.core.runtime.CucumberExecutionContext.lambda$runTestCase$5(CucumberExecutionContext.java:137)
	at io.cucumber.core.runtime.RethrowingThrowableCollector.executeAndThrow(RethrowingThrowableCollector.java:23)
	at io.cucumber.core.runtime.CucumberExecutionContext.runTestCase(CucumberExecutionContext.java:137)
	at io.cucumber.junit.platform.engine.CucumberEngineExecutionContext.runTestCase(CucumberEngineExecutionContext.java:109)
	at io.cucumber.junit.platform.engine.NodeDescriptor$PickleDescriptor.execute(NodeDescriptor.java:168)
	at io.cucumber.junit.platform.engine.NodeDescriptor$PickleDescriptor.execute(NodeDescriptor.java:90)
	at java.base/java.util.ArrayList.forEach(ArrayList.java:1596)
	at java.base/java.util.ArrayList.forEach(ArrayList.java:1596)
	at java.base/java.util.ArrayList.forEach(ArrayList.java:1596)
	at java.base/java.util.ArrayList.forEach(ArrayList.java:1596)

Examples.Example #1.1 -- Time elapsed: 0.004 s <<< ERROR!
io.cucumber.junit.platform.engine.UndefinedStepException: 
The step 'the todo with todo_id: 1, todo_title: "scan paperwork", todo_doneStatus: false, todo_description: "", exists' and 4 other step(s) are undefined.
You can implement these steps using the snippet(s) below:

@Given("the todo with todo_id: {int}, todo_title: {string}, todo_doneStatus: false, todo_description: {string}, exists")
public void the_todo_with_todo_id_todo_title_todo_done_status_false_todo_description_exists(Integer int1, String string, String string2) {
    // Write code here that turns the phrase above into concrete actions
    throw new io.cucumber.java.PendingException();
}
@Given("project with project_title: {string}, project_completed: false, project_active: false, project_description: {string}, project_tasks: [], exists")
public void project_with_project_title_project_completed_false_project_active_false_project_description_project_tasks_exists(String string, String string2) {
    // Write code here that turns the phrase above into concrete actions
    throw new io.cucumber.java.PendingException();
}
@When("the user tries to remove the todo from the project")
public void the_user_tries_to_remove_the_todo_from_the_project() {
    // Write code here that turns the phrase above into concrete actions
    throw new io.cucumber.java.PendingException();
}
@Then("the todo should not exist in the project's project_tasks field")
public void the_todo_should_not_exist_in_the_project_s_project_tasks_field() {
    // Write code here that turns the phrase above into concrete actions
    throw new io.cucumber.java.PendingException();
}
@Then("an error message should be displayed")
public void an_error_message_should_be_displayed() {
    // Write code here that turns the phrase above into concrete actions
    throw new io.cucumber.java.PendingException();
}

	at io.cucumber.core.runtime.TestCaseResultObserver.assertTestCasePassed(TestCaseResultObserver.java:69)
	at io.cucumber.junit.platform.engine.TestCaseResultObserver.assertTestCasePassed(TestCaseResultObserver.java:22)
	at io.cucumber.junit.platform.engine.CucumberEngineExecutionContext.lambda$runTestCase$4(CucumberEngineExecutionContext.java:114)
	at io.cucumber.core.runtime.CucumberExecutionContext.lambda$runTestCase$5(CucumberExecutionContext.java:137)
	at io.cucumber.core.runtime.RethrowingThrowableCollector.executeAndThrow(RethrowingThrowableCollector.java:23)
	at io.cucumber.core.runtime.CucumberExecutionContext.runTestCase(CucumberExecutionContext.java:137)
	at io.cucumber.junit.platform.engine.CucumberEngineExecutionContext.runTestCase(CucumberEngineExecutionContext.java:109)
	at io.cucumber.junit.platform.engine.NodeDescriptor$PickleDescriptor.execute(NodeDescriptor.java:168)
	at io.cucumber.junit.platform.engine.NodeDescriptor$PickleDescriptor.execute(NodeDescriptor.java:90)
	at java.base/java.util.ArrayList.forEach(ArrayList.java:1596)
	at java.base/java.util.ArrayList.forEach(ArrayList.java:1596)
	at java.base/java.util.ArrayList.forEach(ArrayList.java:1596)
	at java.base/java.util.ArrayList.forEach(ArrayList.java:1596)

Examples.Example #1.1 -- Time elapsed: 0.003 s <<< ERROR!
io.cucumber.junit.platform.engine.UndefinedStepException: 
The step 'the project with project_title: "ECSE429", project_completed: false, project_active: false, project_description: "", project_tasks: [], exists' and 2 other step(s) are undefined.
You can implement these steps using the snippet(s) below:

@Given("the project with project_title: {string}, project_completed: false, project_active: false, project_description: {string}, project_tasks: [], exists")
public void the_project_with_project_title_project_completed_false_project_active_false_project_description_project_tasks_exists(String string, String string2) {
    // Write code here that turns the phrase above into concrete actions
    throw new io.cucumber.java.PendingException();
}
@When("the user tries to delete this project")
public void the_user_tries_to_delete_this_project() {
    // Write code here that turns the phrase above into concrete actions
    throw new io.cucumber.java.PendingException();
}
@Then("this project should no longer exist under Projects")
public void this_project_should_no_longer_exist_under_projects() {
    // Write code here that turns the phrase above into concrete actions
    throw new io.cucumber.java.PendingException();
}

	at io.cucumber.core.runtime.TestCaseResultObserver.assertTestCasePassed(TestCaseResultObserver.java:69)
	at io.cucumber.junit.platform.engine.TestCaseResultObserver.assertTestCasePassed(TestCaseResultObserver.java:22)
	at io.cucumber.junit.platform.engine.CucumberEngineExecutionContext.lambda$runTestCase$4(CucumberEngineExecutionContext.java:114)
	at io.cucumber.core.runtime.CucumberExecutionContext.lambda$runTestCase$5(CucumberExecutionContext.java:137)
	at io.cucumber.core.runtime.RethrowingThrowableCollector.executeAndThrow(RethrowingThrowableCollector.java:23)
	at io.cucumber.core.runtime.CucumberExecutionContext.runTestCase(CucumberExecutionContext.java:137)
	at io.cucumber.junit.platform.engine.CucumberEngineExecutionContext.runTestCase(CucumberEngineExecutionContext.java:109)
	at io.cucumber.junit.platform.engine.NodeDescriptor$PickleDescriptor.execute(NodeDescriptor.java:168)
	at io.cucumber.junit.platform.engine.NodeDescriptor$PickleDescriptor.execute(NodeDescriptor.java:90)
	at java.base/java.util.ArrayList.forEach(ArrayList.java:1596)
	at java.base/java.util.ArrayList.forEach(ArrayList.java:1596)
	at java.base/java.util.ArrayList.forEach(ArrayList.java:1596)
	at java.base/java.util.ArrayList.forEach(ArrayList.java:1596)

Examples.Example #1.1 -- Time elapsed: 0.004 s <<< ERROR!
io.cucumber.junit.platform.engine.UndefinedStepException: 
The step 'the project with project_title: "ECSE429", project_completed: false, project_active: false, project_description: "", project_tasks: [{id:1}], exists' and 3 other step(s) are undefined.
You can implement these steps using the snippet(s) below:

@Given("the project with project_title: {string}, project_completed: false, project_active: false, project_description: {string}, project_tasks: [\\{id:{int}}], exists")
public void the_project_with_project_title_project_completed_false_project_active_false_project_description_project_tasks_exists(String string, String string2, Integer int1) {
    // Write code here that turns the phrase above into concrete actions
    throw new io.cucumber.java.PendingException();
}
@When("the user tries to delete this project")
public void the_user_tries_to_delete_this_project() {
    // Write code here that turns the phrase above into concrete actions
    throw new io.cucumber.java.PendingException();
}
@Then("this project should no longer exist under Projects")
public void this_project_should_no_longer_exist_under_projects() {
    // Write code here that turns the phrase above into concrete actions
    throw new io.cucumber.java.PendingException();
}
@Then("this project should be removed from the todo_tasksof field of todo: \\{id:{int}}")
public void this_project_should_be_removed_from_the_todo_tasksof_field_of_todo(Integer int1) {
    // Write code here that turns the phrase above into concrete actions
    throw new io.cucumber.java.PendingException();
}

	at io.cucumber.core.runtime.TestCaseResultObserver.assertTestCasePassed(TestCaseResultObserver.java:69)
	at io.cucumber.junit.platform.engine.TestCaseResultObserver.assertTestCasePassed(TestCaseResultObserver.java:22)
	at io.cucumber.junit.platform.engine.CucumberEngineExecutionContext.lambda$runTestCase$4(CucumberEngineExecutionContext.java:114)
	at io.cucumber.core.runtime.CucumberExecutionContext.lambda$runTestCase$5(CucumberExecutionContext.java:137)
	at io.cucumber.core.runtime.RethrowingThrowableCollector.executeAndThrow(RethrowingThrowableCollector.java:23)
	at io.cucumber.core.runtime.CucumberExecutionContext.runTestCase(CucumberExecutionContext.java:137)
	at io.cucumber.junit.platform.engine.CucumberEngineExecutionContext.runTestCase(CucumberEngineExecutionContext.java:109)
	at io.cucumber.junit.platform.engine.NodeDescriptor$PickleDescriptor.execute(NodeDescriptor.java:168)
	at io.cucumber.junit.platform.engine.NodeDescriptor$PickleDescriptor.execute(NodeDescriptor.java:90)
	at java.base/java.util.ArrayList.forEach(ArrayList.java:1596)
	at java.base/java.util.ArrayList.forEach(ArrayList.java:1596)
	at java.base/java.util.ArrayList.forEach(ArrayList.java:1596)
	at java.base/java.util.ArrayList.forEach(ArrayList.java:1596)

Examples.Example #1.1 -- Time elapsed: 0.005 s <<< ERROR!
io.cucumber.junit.platform.engine.UndefinedStepException: 
The step 'the project with project_title: "ECSE429", project_completed: false, project_active: false, project_description: "", project_tasks: [], does not exist' and 3 other step(s) are undefined.
You can implement these steps using the snippet(s) below:

@Given("the project with project_title: {string}, project_completed: false, project_active: false, project_description: {string}, project_tasks: [], does not exist")
public void the_project_with_project_title_project_completed_false_project_active_false_project_description_project_tasks_does_not_exist(String string, String string2) {
    // Write code here that turns the phrase above into concrete actions
    throw new io.cucumber.java.PendingException();
}
@When("the user tries to delete this project")
public void the_user_tries_to_delete_this_project() {
    // Write code here that turns the phrase above into concrete actions
    throw new io.cucumber.java.PendingException();
}
@Then("the project should not exist under Projects")
public void the_project_should_not_exist_under_projects() {
    // Write code here that turns the phrase above into concrete actions
    throw new io.cucumber.java.PendingException();
}
@Then("an error message should be displayed")
public void an_error_message_should_be_displayed() {
    // Write code here that turns the phrase above into concrete actions
    throw new io.cucumber.java.PendingException();
}

	at io.cucumber.core.runtime.TestCaseResultObserver.assertTestCasePassed(TestCaseResultObserver.java:69)
	at io.cucumber.junit.platform.engine.TestCaseResultObserver.assertTestCasePassed(TestCaseResultObserver.java:22)
	at io.cucumber.junit.platform.engine.CucumberEngineExecutionContext.lambda$runTestCase$4(CucumberEngineExecutionContext.java:114)
	at io.cucumber.core.runtime.CucumberExecutionContext.lambda$runTestCase$5(CucumberExecutionContext.java:137)
	at io.cucumber.core.runtime.RethrowingThrowableCollector.executeAndThrow(RethrowingThrowableCollector.java:23)
	at io.cucumber.core.runtime.CucumberExecutionContext.runTestCase(CucumberExecutionContext.java:137)
	at io.cucumber.junit.platform.engine.CucumberEngineExecutionContext.runTestCase(CucumberEngineExecutionContext.java:109)
	at io.cucumber.junit.platform.engine.NodeDescriptor$PickleDescriptor.execute(NodeDescriptor.java:168)
	at io.cucumber.junit.platform.engine.NodeDescriptor$PickleDescriptor.execute(NodeDescriptor.java:90)
	at java.base/java.util.ArrayList.forEach(ArrayList.java:1596)
	at java.base/java.util.ArrayList.forEach(ArrayList.java:1596)
	at java.base/java.util.ArrayList.forEach(ArrayList.java:1596)
	at java.base/java.util.ArrayList.forEach(ArrayList.java:1596)

