<?xml version="1.0" encoding="UTF-8"?>
<testsuite xmlns:xsi="http://www.w3.org/2001/XMLSchema-instance" xsi:noNamespaceSchemaLocation="https://maven.apache.org/surefire/maven-surefire-plugin/xsd/surefire-test-report.xsd" name="project_B.RunCucumberTest" time="43.665" tests="37" errors="0" skipped="0" failures="0">
  <properties>
[...]
</properties>
  <testcase name="Create a category" classname="EMPTY_NAME #1" time="1.852"/>
  <testcase name="Create a category with only mandatory fields filled" classname="EMPTY_NAME #1" time="1.095"/>
  <testcase name="Create a category with the mandatory fields not filled" classname="EMPTY_NAME #1" time="1.102"/>
  <testcase name="Delete a category with all fields filled #1" classname="EMPTY_NAME #2" time="1.134"/>
  <testcase name="Delete a category with all fields filled #2" classname="EMPTY_NAME #2" time="1.146"/>
  <testcase name="Delete a category with all fields filled #3" classname="EMPTY_NAME #2" time="1.106"/>
  <testcase name="Delete a category with only mandatory fields filled" classname="EMPTY_NAME #2" time="1.114"/>
  <testcase name="Delete a category with an id that doesn&apos;t exist" classname="EMPTY_NAME #2" time="1.109"/>
  <testcase name="Delete a project that exists under a category that exists #1" classname="EMPTY_NAME #3" time="1.171"/>
  <testcase name="Delete a project that exists under a category that exists #2" classname="EMPTY_NAME #3" time="1.178"/>
  <testcase name="Delete a project with an invalid id under a category that exists" classname="EMPTY_NAME #3" time="1.175"/>
  <testcase name="Delete a project that exists under a category id that&apos;s invalid" classname="EMPTY_NAME #3" time="1.098"/>
  <testcase name="Mark non completed todo as completed" classname="EMPTY_NAME #4" time="1.059"/>
  <testcase name="Mark already completed todo as completed #1" classname="EMPTY_NAME #4" time="1.184"/>
  <testcase name="Mark already completed todo as completed #2" classname="EMPTY_NAME #4" time="1.054"/>
  <testcase name="Mark non-existent todo as completed #1" classname="EMPTY_NAME #4" time="1.196"/>
  <testcase name="Mark non-existent todo as completed #2" classname="EMPTY_NAME #4" time="1.18"/>
  <testcase name="Modify all fields in a category" classname="EMPTY_NAME #5" time="1.084"/>
  <testcase name="Modify a category to have only required fields #1" classname="EMPTY_NAME #5" time="1.258"/>
  <testcase name="Modify a category to have only required fields #2" classname="EMPTY_NAME #5" time="1.102"/>
  <testcase name="Modify a category to have only required fields #3" classname="EMPTY_NAME #5" time="1.187"/>
  <testcase name="Modify a category that doesn&apos;t exist" classname="EMPTY_NAME #5" time="1.177"/>
  <testcase name="Add a project that exists to a category that exists" classname="EMPTY_NAME #6" time="1.315"/>
  <testcase name="Add a project with an invalid id to a category that exists" classname="EMPTY_NAME #6" time="1.148"/>
  <testcase name="Add a project that exists to a category id that&apos;s invalid" classname="EMPTY_NAME #6" time="1.399"/>
  <testcase name="Set a task under a category" classname="EMPTY_NAME #7" time="1.134"/>
  <testcase name="Set a non-existent task under category" classname="EMPTY_NAME #7" time="1.208"/>
  <testcase name="Set a task under a non-existent category" classname="EMPTY_NAME #7" time="1.125"/>
  <testcase name="Querying all categories" classname="View categories" time="1.038"/>
  <testcase name="Querying categories with no categories registered" classname="View categories" time="0.952"/>
  <testcase name="Querying categories with an invalid endpoint" classname="View categories" time="1.042"/>
  <testcase name="Querying all projects" classname="View projects" time="1.129"/>
  <testcase name="Querying projects with no projects registered" classname="View projects" time="1.023"/>
  <testcase name="Querying projects with an invalid endpoint" classname="View projects" time="0.956"/>
  <testcase name="Request tasks for a project" classname="EMPTY_NAME #8" time="1.184"/>
  <testcase name="Request tasks for a project with no tasks" classname="EMPTY_NAME #8" time="1.186"/>
  <testcase name="Request tasks for a project not registered on the system" classname="EMPTY_NAME #8" time="1.062"/>
</testsuite>