<?xml version="1.0" encoding="UTF-8"?>
<testsuite xmlns:xsi="http://www.w3.org/2001/XMLSchema-instance" xsi:noNamespaceSchemaLocation="https://maven.apache.org/surefire/maven-surefire-plugin/xsd/surefire-test-report.xsd" name="project_B.RunCucumberTest" time="43.028" tests="37" errors="1" skipped="0" failures="1">
  <properties>
[...]
</properties>
  <testcase name="Create a category" classname="EMPTY_NAME #1" time="2.148"/>
  <testcase name="Create a category with only mandatory fields filled" classname="EMPTY_NAME #1" time="1.189"/>
  <testcase name="Create a category with the mandatory fields not filled" classname="EMPTY_NAME #1" time="1.064"/>
  <testcase name="Delete a category with all fields filled #1" classname="EMPTY_NAME #2" time="1.08"/>
  <testcase name="Delete a category with all fields filled #2" classname="EMPTY_NAME #2" time="1.09"/>
  <testcase name="Delete a category with all fields filled #3" classname="EMPTY_NAME #2" time="1.202"/>
  <testcase name="Delete a category with only mandatory fields filled" classname="EMPTY_NAME #2" time="1.087"/>
  <testcase name="Delete a category with an id that doesn&apos;t exist" classname="EMPTY_NAME #2" time="1.048"/>
  <testcase name="Delete a project that exists under a category that exists #1" classname="EMPTY_NAME #3" time="1.112"/>
  <testcase name="Delete a project that exists under a category that exists #2" classname="EMPTY_NAME #3" time="1.103"/>
  <testcase name="Delete a project with an invalid id under a category that exists" classname="EMPTY_NAME #3" time="1.101"/>
  <testcase name="Delete a project that exists under a category id that&apos;s invalid" classname="EMPTY_NAME #3" time="1.117"/>
  <testcase name="Mark non completed todo as completed" classname="EMPTY_NAME #4" time="1.077"/>
  <testcase name="Mark already completed todo as completed #1" classname="EMPTY_NAME #4" time="1.175"/>
  <testcase name="Mark already completed todo as completed #2" classname="EMPTY_NAME #4" time="1.083"/>
  <testcase name="Mark non-existent todo as completed #1" classname="EMPTY_NAME #4" time="1.167"/>
  <testcase name="Mark non-existent todo as completed #2" classname="EMPTY_NAME #4" time="1.129"/>
  <testcase name="Modify all fields in a category" classname="EMPTY_NAME #5" time="1.106"/>
  <testcase name="Modify a category to have only required fields #1" classname="EMPTY_NAME #5" time="1.089"/>
  <testcase name="Modify a category to have only required fields #2" classname="EMPTY_NAME #5" time="1.023"/>
  <testcase name="Modify a category to have only required fields #3" classname="EMPTY_NAME #5" time="1.144"/>
  <testcase name="Modify a category that doesn&apos;t exist" classname="EMPTY_NAME #5" time="1.37">
    <failure type="java.lang.AssertionError">java.lang.AssertionError
</failure>
    <system-out><![CDATA[
@ModifyCategory
Scenario: Modify a category that doesn't exist                                                                  &amp#27;[90m# project_B/ModifyCategory.feature:52&amp#27;[0m
  &amp#27;[32mGiven &amp#27;[0m&amp#27;[32mthe API server is running&amp#27;[0m                                                                               &amp#27;[90m# project_B.MiscStepDefinition.theAPIServerIsRunning()&amp#27;[0m
  &amp#27;[32mAnd &amp#27;[0m&amp#27;[32mthe following categories are registered in the system:&amp#27;[0m                                                    &amp#27;[90m# project_B.tests.ViewCategories.the_following_categories_are_registered_in_the_todo_manager_restapi_system(io.cucumber.datatable.DataTable)&amp#27;[0m
  &amp#27;[32mGiven &amp#27;[0m&amp#27;[32m&amp#27;[0m&amp#27;[32m&amp#27;[1m[blank]&amp#27;[0m&amp#27;[32m is the id of a category&amp#27;[0m                                                                         &amp#27;[90m# project_B.tests.OrganizeProjectTaskByCategory.category_id_is_the_id_of_a_category(java.lang.String)&amp#27;[0m
check here
{
"title":"Home",
  "description":""
}
  &amp#27;[32mWhen &amp#27;[0m&amp#27;[32ma POST request to categories is sent with the category id and the following info:&amp#27;[0m                        &amp#27;[90m# project_B.tests.ModifyCategory.a_post_request_to_categories_is_sent_with_the_following_info(io.cucumber.datatable.DataTable)&amp#27;[0m
error:
No such category entity instance with GUID or ID 10 found
what i printed
No such category entity instance with GUID or ID 4 found
  &amp#27;[31mThen &amp#27;[0m&amp#27;[31mthe server should respond with an error message &amp#27;[0m&amp#27;[31m&amp#27;[1mNo such category entity instance with GUID or ID 4 found&amp#27;[0m &amp#27;[90m# project_B.tests.AddCategory.the_server_should_respond_with_an_error_message(java.lang.String)&amp#27;[0m
      &amp#27;[31mjava.lang.AssertionError
	at org.junit.Assert.fail(Assert.java:87)
	at org.junit.Assert.assertTrue(Assert.java:42)
	at org.junit.Assert.assertTrue(Assert.java:53)
	at project_B.tests.AddCategory.the_server_should_respond_with_an_error_message(AddCategory.java:90)
	at ✽.the server should respond with an error message No such category entity instance with GUID or ID 4 found(classpath:project_B/ModifyCategory.feature:49)
&amp#27;[0m
]]></system-out>
    <system-err><![CDATA[Nov 10, 2023 4:40:05 PM org.apache.http.impl.execchain.RetryExec execute
INFO: I/O exception (java.net.SocketException) caught when processing request to {}->http://localhost:4567: Connection reset by peer
Nov 10, 2023 4:40:05 PM org.apache.http.impl.execchain.RetryExec execute
INFO: Retrying request to {}->http://localhost:4567
]]></system-err>
  </testcase>
  <testcase name="Add a project that exists to a category that exists" classname="EMPTY_NAME #6" time="1.096"/>
  <testcase name="Add a project with an invalid id to a category that exists" classname="EMPTY_NAME #6" time="1.076"/>
  <testcase name="Add a project that exists to a category id that&apos;s invalid" classname="EMPTY_NAME #6" time="1.122">
    <error message="JSONObject[&quot;errorMessages&quot;] not found." type="kong.unirest.json.JSONException">kong.unirest.json.JSONException: JSONObject["errorMessages"] not found.
</error>
    <system-out><![CDATA[
@OrganizeProjectTaskByCategory
Scenario: Add a project that exists to a category id that's invalid                                                       &amp#27;[90m# project_B/OrganizeProjectTaskByCategory.feature:78&amp#27;[0m
  &amp#27;[32mGiven &amp#27;[0m&amp#27;[32mthe API server is running&amp#27;[0m                                                                                         &amp#27;[90m# project_B.MiscStepDefinition.theAPIServerIsRunning()&amp#27;[0m
  &amp#27;[32mAnd &amp#27;[0m&amp#27;[32mthe following categories are registered in the system:&amp#27;[0m                                                              &amp#27;[90m# project_B.tests.ViewCategories.the_following_categories_are_registered_in_the_todo_manager_restapi_system(io.cucumber.datatable.DataTable)&amp#27;[0m
  &amp#27;[32mAnd &amp#27;[0m&amp#27;[32mthe following projects are registered in the system:&amp#27;[0m                                                                &amp#27;[90m# project_B.tests.ViewProjects.the_following_categories_are_registered_in_the_todo_manager_restapi_system(io.cucumber.datatable.DataTable)&amp#27;[0m
  &amp#27;[32mGiven &amp#27;[0m&amp#27;[32m&amp#27;[0m&amp#27;[32m&amp#27;[1m[blank]&amp#27;[0m&amp#27;[32m is the title of a category&amp#27;[0m                                                                                &amp#27;[90m# project_B.tests.AddCategory.selected_title_is_the_title_of_a_category(java.lang.String)&amp#27;[0m
  &amp#27;[32mAnd &amp#27;[0m&amp#27;[32m&amp#27;[0m&amp#27;[32m&amp#27;[1m[blank]&amp#27;[0m&amp#27;[32m is the description of a category&amp#27;[0m                                                                            &amp#27;[90m# project_B.tests.AddCategory.is_the_description_of_a_category(java.lang.String)&amp#27;[0m
  &amp#27;[32mAnd &amp#27;[0m&amp#27;[32m&amp#27;[0m&amp#27;[32m&amp#27;[1m[blank]&amp#27;[0m&amp#27;[32m is the id of a category&amp#27;[0m                                                                                     &amp#27;[90m# project_B.tests.OrganizeProjectTaskByCategory.category_id_is_the_id_of_a_category(java.lang.String)&amp#27;[0m
  &amp#27;[32mAnd &amp#27;[0m&amp#27;[32m&amp#27;[0m&amp#27;[32m&amp#27;[1m<projectID>&amp#27;[0m&amp#27;[32m is the id of a project&amp#27;[0m                                                                                  &amp#27;[90m# project_B.tests.OrganizeProjectTaskByCategory.project_id_is_the_id_of_a_project(java.lang.String)&amp#27;[0m
  &amp#27;[32mAnd &amp#27;[0m&amp#27;[32m&amp#27;[0m&amp#27;[32m&amp#27;[1m<projectTitle>&amp#27;[0m&amp#27;[32m is the id of a project&amp#27;[0m                                                                               &amp#27;[90m# project_B.tests.OrganizeProjectTaskByCategory.project_id_is_the_id_of_a_project(java.lang.String)&amp#27;[0m
  &amp#27;[32mAnd &amp#27;[0m&amp#27;[32m&amp#27;[0m&amp#27;[32m&amp#27;[1m<projectCompleted>&amp#27;[0m&amp#27;[32m is the completed value of a project&amp#27;[0m                                                              &amp#27;[90m# project_B.tests.OrganizeProjectTaskByCategory.project_completed_is_the_completed_value_of_a_project(java.lang.Boolean)&amp#27;[0m
  &amp#27;[32mAnd &amp#27;[0m&amp#27;[32m&amp#27;[0m&amp#27;[32m&amp#27;[1m<projectActive>&amp#27;[0m&amp#27;[32m is the active value of a project&amp#27;[0m                                                                    &amp#27;[90m# project_B.tests.OrganizeProjectTaskByCategory.project_active_is_the_active_value_of_a_project(java.lang.Boolean)&amp#27;[0m
  &amp#27;[32mAnd &amp#27;[0m&amp#27;[32m&amp#27;[0m&amp#27;[32m&amp#27;[1m<projectDescription>&amp#27;[0m&amp#27;[32m is the description of a project&amp#27;[0m                                                                &amp#27;[90m# project_B.tests.OrganizeProjectTaskByCategory.project_description_is_the_description_of_a_project(java.lang.String)&amp#27;[0m
  &amp#27;[32mWhen &amp#27;[0m&amp#27;[32ma POST request is sent with the following info for the category and project:&amp#27;[0m                                       &amp#27;[90m# project_B.tests.OrganizeProjectTaskByCategory.a_post_request_is_sent_with_the_following_info_for_the_category(io.cucumber.datatable.DataTable)&amp#27;[0m
error:
  &amp#27;[31mThen &amp#27;[0m&amp#27;[31mthe server should respond with an error message &amp#27;[0m&amp#27;[31m&amp#27;[1mCould not find parent thing for relationship categories/4/projects&amp#27;[0m &amp#27;[90m# project_B.tests.AddCategory.the_server_should_respond_with_an_error_message(java.lang.String)&amp#27;[0m
      &amp#27;[31mkong.unirest.json.JSONException: JSONObject["errorMessages"] not found.
	at kong.unirest.json.JSONObject.getProperty(JSONObject.java:954)
	at kong.unirest.json.JSONObject.getJSONArray(JSONObject.java:318)
	at project_B.tests.AddCategory.the_server_should_respond_with_an_error_message(AddCategory.java:84)
	at ✽.the server should respond with an error message Could not find parent thing for relationship categories/4/projects(classpath:project_B/OrganizeProjectTaskByCategory.feature:75)
&amp#27;[0m
]]></system-out>
    <system-err><![CDATA[Nov 10, 2023 4:40:08 PM org.apache.http.impl.execchain.RetryExec execute
INFO: I/O exception (java.net.SocketException) caught when processing request to {}->http://localhost:4567: Connection reset by peer
Nov 10, 2023 4:40:08 PM org.apache.http.impl.execchain.RetryExec execute
INFO: Retrying request to {}->http://localhost:4567
]]></system-err>
  </testcase>
  <testcase name="Set a task under a category" classname="EMPTY_NAME #7" time="1.155"/>
  <testcase name="Set a non-existent task under category" classname="EMPTY_NAME #7" time="1.021"/>
  <testcase name="Set a task under a non-existent category" classname="EMPTY_NAME #7" time="1.147"/>
  <testcase name="Querying all categories" classname="View categories" time="1.041"/>
  <testcase name="Querying categories with no categories registered" classname="View categories" time="0.964"/>
  <testcase name="Querying categories with an invalid endpoint" classname="View categories" time="1.04"/>
  <testcase name="Querying all projects" classname="View projects" time="1.039"/>
  <testcase name="Querying projects with no projects registered" classname="View projects" time="0.981"/>
  <testcase name="Querying projects with an invalid endpoint" classname="View projects" time="0.955"/>
  <testcase name="Request tasks for a project" classname="EMPTY_NAME #8" time="1.268"/>
  <testcase name="Request tasks for a project with no tasks" classname="EMPTY_NAME #8" time="1.198"/>
  <testcase name="Request tasks for a project not registered on the system" classname="EMPTY_NAME #8" time="1.098"/>
</testsuite>