<?xml version="1.0" encoding="UTF-8"?>
<testsuite xmlns:xsi="http://www.w3.org/2001/XMLSchema-instance" xsi:noNamespaceSchemaLocation="https://maven.apache.org/surefire/maven-surefire-plugin/xsd/surefire-test-report.xsd" name="project_B.RunCucumberTest" time="38.17" tests="63" errors="0" skipped="0" failures="0">
  <properties>
[...]
</properties>
  <testcase name="Creating a todo successfully" classname="Create a new instance of todo" time="1.089"/>
  <testcase name="Creating a todo successfully with no description" classname="Create a new instance of todo" time="0.687"/>
  <testcase name="Creating todo with an empty title unsuccessfully" classname="Create a new instance of todo" time="0.691"/>
  <testcase name="Create a category" classname="EMPTY_NAME #1" time="0.617"/>
  <testcase name="Create a category with only mandatory fields filled" classname="EMPTY_NAME #1" time="0.613"/>
  <testcase name="Create a category with the mandatory fields not filled" classname="EMPTY_NAME #1" time="0.576"/>
  <testcase name="Adding a specific task to a specific project which is unrelated to the task" classname="Adding a specific task to a specific project" time="0.587"/>
  <testcase name="Adding a specific task to a specific project which is already related to the task" classname="Adding a specific task to a specific project" time="0.739"/>
  <testcase name="Creating Project with specific fields and with relationship to a non-existing task" classname="Adding a specific task to a specific project" time="0.63"/>
  <testcase name="Setting the non-tasks fields of the project to different values" classname="Changing the non-tasks fields of a specific project" time="0.566"/>
  <testcase name="Setting the non-tasks fields of the project to the original values" classname="Changing the non-tasks fields of a specific project" time="0.583"/>
  <testcase name="Setting the non-tasks fields of a non-existing project" classname="Changing the non-tasks fields of a specific project" time="0.567"/>
  <testcase name="Creating project with specific fields and no relationship to task" classname="Creating Project with specific fields" time="0.561"/>
  <testcase name="Creating project with specific fields and with relationship to task" classname="Creating Project with specific fields" time="0.578"/>
  <testcase name="Creating project with specific fields and with relationship to a non-existing task" classname="Creating Project with specific fields" time="0.551"/>
  <testcase name="Deleting a todo successfully" classname="Delete a todo" time="0.625"/>
  <testcase name="Delete a todo that does not exist unsuccessfully" classname="Delete a todo" time="0.652"/>
  <testcase name="Delete a category with all fields filled #1" classname="EMPTY_NAME #2" time="0.593"/>
  <testcase name="Delete a category with all fields filled #2" classname="EMPTY_NAME #2" time="0.587"/>
  <testcase name="Delete a category with all fields filled #3" classname="EMPTY_NAME #2" time="0.543"/>
  <testcase name="Delete a category with only mandatory fields filled" classname="EMPTY_NAME #2" time="0.566"/>
  <testcase name="Delete a category with an id that doesn&apos;t exist" classname="EMPTY_NAME #2" time="0.579"/>
  <testcase name="Delete a project that exists under a category that exists #1" classname="EMPTY_NAME #3" time="0.61"/>
  <testcase name="Delete a project that exists under a category that exists #2" classname="EMPTY_NAME #3" time="0.536"/>
  <testcase name="Delete a project with an invalid id under a category that exists" classname="EMPTY_NAME #3" time="0.625"/>
  <testcase name="Delete a project that exists under a category id that&apos;s invalid" classname="EMPTY_NAME #3" time="0.556"/>
  <testcase name="Delete a relationship between a todo and a category sucessfully" classname="Delete a relationship between a todo and a category" time="0.635"/>
  <testcase name="Delete a relationship between a todo and a category that does not exist" classname="Delete a relationship between a todo and a category" time="0.639"/>
  <testcase name="Mark non completed todo as completed" classname="EMPTY_NAME #4" time="0.686"/>
  <testcase name="Mark already completed todo as completed #1" classname="EMPTY_NAME #4" time="0.65"/>
  <testcase name="Mark already completed todo as completed #2" classname="EMPTY_NAME #4" time="0.573"/>
  <testcase name="Mark non-existent todo as completed #1" classname="EMPTY_NAME #4" time="0.602"/>
  <testcase name="Mark non-existent todo as completed #2" classname="EMPTY_NAME #4" time="0.604"/>
  <testcase name="Modify all fields in a category" classname="EMPTY_NAME #5" time="0.579"/>
  <testcase name="Modify a category to have only required fields #1" classname="EMPTY_NAME #5" time="0.567"/>
  <testcase name="Modify a category to have only required fields #2" classname="EMPTY_NAME #5" time="0.548"/>
  <testcase name="Modify a category to have only required fields #3" classname="EMPTY_NAME #5" time="0.584"/>
  <testcase name="Modify a category that doesn&apos;t exist" classname="EMPTY_NAME #5" time="0.565"/>
  <testcase name="Modify a todo&apos;s description field successfully" classname="Modify a todo&apos;s description field" time="0.594"/>
  <testcase name="Modify a todo&apos;s description field unsuccessfully" classname="Modify a todo&apos;s description field" time="0.554"/>
  <testcase name="Add a project that exists to a category that exists" classname="EMPTY_NAME #6" time="0.631"/>
  <testcase name="Add a project with an invalid id to a category that exists" classname="EMPTY_NAME #6" time="0.586"/>
  <testcase name="Add a project that exists to a category id that&apos;s invalid" classname="EMPTY_NAME #6" time="0.558"/>
  <testcase name="Set a task under a category" classname="EMPTY_NAME #7" time="0.556"/>
  <testcase name="Set a non-existent task under category" classname="EMPTY_NAME #7" time="0.556"/>
  <testcase name="Set a task under a non-existent category" classname="EMPTY_NAME #7" time="0.607"/>
  <testcase name="Deleting a specific project without tasks" classname="Deleting a specific project" time="0.544"/>
  <testcase name="Deleting a specific project with tasks" classname="Deleting a specific project" time="0.595"/>
  <testcase name="Deleting a non-existing project" classname="Deleting a specific project" time="0.522"/>
  <testcase name="Removing a specific task from a specific project which is only related to that task" classname="Removing a specific task from a specific project" time="0.545"/>
  <testcase name="Removing a specific task from a specific project which is related to several tasks" classname="Removing a specific task from a specific project" time="0.583"/>
  <testcase name="Removing a specific task from a specific project which is not related to the task" classname="Removing a specific task from a specific project" time="0.531"/>
  <testcase name="Querying all categories" classname="View categories" time="0.581"/>
  <testcase name="Querying categories with no categories registered" classname="View categories" time="0.519"/>
  <testcase name="Querying categories with an invalid endpoint" classname="View categories" time="0.508"/>
  <testcase name="Querying all projects" classname="View projects" time="0.571"/>
  <testcase name="Querying projects with no projects registered" classname="View projects" time="0.502"/>
  <testcase name="Querying projects with an invalid endpoint" classname="View projects" time="0.54"/>
  <testcase name="Request tasks for a project" classname="EMPTY_NAME #8" time="0.624"/>
  <testcase name="Request tasks for a project with no tasks" classname="EMPTY_NAME #8" time="0.612"/>
  <testcase name="Request tasks for a project not registered on the system" classname="EMPTY_NAME #8" time="0.585"/>
  <testcase name=" #1" classname="Views all todos in a category" time="0.613"/>
  <testcase name=" #2" classname="Views all todos in a category" time="0.579"/>
</testsuite>