<?xml version="1.0" encoding="UTF-8"?>
<testsuite xmlns:xsi="http://www.w3.org/2001/XMLSchema-instance" xsi:noNamespaceSchemaLocation="https://maven.apache.org/surefire/maven-surefire-plugin/xsd/surefire-test-report.xsd" name="project_B.RunCucumberTest" time="10.616" tests="20" errors="0" skipped="0" failures="2">
  <properties>
[...]
</properties>
  <testcase name="Creating a todo successfully" classname="Create a new instance of todo" time="0.771"/>
  <testcase name="Creating a todo successfully with no description" classname="Create a new instance of todo" time="0.501">
    <failure message="expected: java.lang.String&lt;null&gt; but was: null&lt;null&gt;" type="java.lang.AssertionError"><![CDATA[java.lang.AssertionError: expected: java.lang.String<null> but was: null<null>
]]></failure>
    <system-out><![CDATA[
@AddATodo
Scenario: Creating a todo successfully with no description                  &amp#27;[90m# project_B/AddATodo.feature:20&amp#27;[0m
  &amp#27;[32mGiven &amp#27;[0m&amp#27;[32mthe API server is running&amp#27;[0m                                           &amp#27;[90m# project_B.MiscStepDefinition.theAPIServerIsRunning()&amp#27;[0m
  &amp#27;[32mWhen &amp#27;[0m&amp#27;[32ma user create a todo with a title, a doneStatus an empty description&amp#27;[0m &amp#27;[90m# project_B.tests.AddATodo.a_user_create_a_todo_with_a_title_a_doneStatus_an_empty_description(io.cucumber.datatable.DataTable)&amp#27;[0m
  &amp#27;[31mThen &amp#27;[0m&amp#27;[31mthe following todos shall still exist in the system&amp#27;[0m                  &amp#27;[90m# project_B.tests.AddATodo.the_following_todos_shall_still_exist_in_the_system(io.cucumber.datatable.DataTable)&amp#27;[0m
      &amp#27;[31mjava.lang.AssertionError: expected: java.lang.String<null> but was: null<null>
	at org.junit.Assert.fail(Assert.java:89)
	at org.junit.Assert.failNotEquals(Assert.java:835)
	at org.junit.Assert.assertEquals(Assert.java:120)
	at org.junit.Assert.assertEquals(Assert.java:146)
	at project_B.tests.AddATodo.the_following_todos_shall_still_exist_in_the_system(AddATodo.java:84)
	at âœ½.the following todos shall still exist in the system(classpath:project_B/AddATodo.feature:26)
&amp#27;[0m
]]></system-out>
    <system-err><![CDATA[Nov 10, 2023 3:11:47 PM org.apache.http.impl.execchain.RetryExec execute
INFO: I/O exception (java.net.SocketException) caught when processing request to {}->http://localhost:4567: Connection reset by peer
Nov 10, 2023 3:11:47 PM org.apache.http.impl.execchain.RetryExec execute
INFO: Retrying request to {}->http://localhost:4567
]]></system-err>
  </testcase>
  <testcase name="Creating todo with an empty title unsuccessfully" classname="Create a new instance of todo" time="0.487">
    <failure message="expected:&lt;200&gt; but was:&lt;400&gt;" type="java.lang.AssertionError"><![CDATA[java.lang.AssertionError: expected:<200> but was:<400>
]]></failure>
    <system-out><![CDATA[
@AddATodo
Scenario: Creating todo with an empty title unsuccessfully &amp#27;[90m# project_B/AddATodo.feature:35&amp#27;[0m
  &amp#27;[32mGiven &amp#27;[0m&amp#27;[32mthe API server is running&amp#27;[0m                          &amp#27;[90m# project_B.MiscStepDefinition.theAPIServerIsRunning()&amp#27;[0m
  &amp#27;[32mWhen &amp#27;[0m&amp#27;[32ma user create a todo with an empty title&amp#27;[0m            &amp#27;[90m# project_B.tests.AddATodo.a_user_create_a_todo_with_an_empty_title(io.cucumber.datatable.DataTable)&amp#27;[0m
  &amp#27;[32mThen &amp#27;[0m&amp#27;[32mthe following todos with the title shall not exist&amp#27;[0m  &amp#27;[90m# project_B.tests.AddATodo.the_following_todos_shall_not_exist(io.cucumber.datatable.DataTable)&amp#27;[0m
  &amp#27;[31mThen &amp#27;[0m&amp#27;[31mthe server will raise an error&amp#27;[0m                      &amp#27;[90m# project_B.tests.AddATodo.the_server_will_raise_an_error(io.cucumber.datatable.DataTable)&amp#27;[0m
      &amp#27;[31mjava.lang.AssertionError: expected:<200> but was:<400>
	at org.junit.Assert.fail(Assert.java:89)
	at org.junit.Assert.failNotEquals(Assert.java:835)
	at org.junit.Assert.assertEquals(Assert.java:647)
	at org.junit.Assert.assertEquals(Assert.java:633)
	at project_B.BaseTest.assertGetStatusCode(BaseTest.java:112)
	at project_B.tests.AddATodo.the_server_will_raise_an_error(AddATodo.java:131)
	at âœ½.the server will raise an error(classpath:project_B/AddATodo.feature:42)
&amp#27;[0m
]]></system-out>
    <system-err><![CDATA[Nov 10, 2023 3:11:48 PM org.apache.http.impl.execchain.RetryExec execute
INFO: I/O exception (java.net.SocketException) caught when processing request to {}->http://localhost:4567: Connection reset by peer
Nov 10, 2023 3:11:48 PM org.apache.http.impl.execchain.RetryExec execute
INFO: Retrying request to {}->http://localhost:4567
]]></system-err>
  </testcase>
  <testcase name="Mark non completed todo as completed" classname="EMPTY_NAME #1" time="0.551"/>
  <testcase name="Mark already completed todo as completed #1" classname="EMPTY_NAME #1" time="0.513"/>
  <testcase name="Mark already completed todo as completed #2" classname="EMPTY_NAME #1" time="0.662"/>
  <testcase name="Mark non-existent todo as completed #1" classname="EMPTY_NAME #1" time="0.506"/>
  <testcase name="Mark non-existent todo as completed #2" classname="EMPTY_NAME #1" time="0.472"/>
  <testcase name="Set a task under a category" classname="EMPTY_NAME #2" time="0.5"/>
  <testcase name="Set a non-existent task under category" classname="EMPTY_NAME #2" time="0.546"/>
  <testcase name="Set a task under a non-existent category" classname="EMPTY_NAME #2" time="0.495"/>
  <testcase name="Querying all categories" classname="View categories" time="0.462"/>
  <testcase name="Querying categories with no categories registered" classname="View categories" time="0.436"/>
  <testcase name="Querying categories with an invalid endpoint" classname="View categories" time="0.434"/>
  <testcase name="Querying all projects" classname="View projects" time="0.449"/>
  <testcase name="Querying projects with no projects registered" classname="View projects" time="0.441"/>
  <testcase name="Querying projects with an invalid endpoint" classname="View projects" time="0.491"/>
  <testcase name="Request tasks for a project" classname="EMPTY_NAME #3" time="0.515"/>
  <testcase name="Request tasks for a project with no tasks" classname="EMPTY_NAME #3" time="0.52"/>
  <testcase name="Request tasks for a project not registered on the system" classname="EMPTY_NAME #3" time="0.501"/>
</testsuite>