<?xml version="1.0" encoding="UTF-8"?>
<testsuite xmlns:xsi="http://www.w3.org/2001/XMLSchema-instance" xsi:noNamespaceSchemaLocation="https://maven.apache.org/surefire/maven-surefire-plugin/xsd/surefire-test-report.xsd" name="project_B.RunCucumberTest" time="17.458" tests="26" errors="0" skipped="0" failures="0">
  <properties>
[...]
</properties>
  <testcase name="Setting the non-tasks fields of the project to different values" classname="Changing the non-tasks fields of a specific project" time="1.053"/>
  <testcase name="Setting the non-tasks fields of the project to the original values" classname="Changing the non-tasks fields of a specific project" time="0.614"/>
  <testcase name="Setting the non-tasks fields of a non-existing project" classname="Changing the non-tasks fields of a specific project" time="0.632"/>
  <testcase name="Creating project with specific fields and no relationship to task" classname="Creating Project with specific fields" time="0.605"/>
  <testcase name="Creating project with specific fields and with relationship to task" classname="Creating Project with specific fields" time="0.728"/>
  <testcase name="Creating project with specific fields and with relationship to a non-existing task" classname="Creating Project with specific fields" time="0.614"/>
  <testcase name="Mark non completed todo as completed" classname="EMPTY_NAME #1" time="0.673"/>
  <testcase name="Mark already completed todo as completed #1" classname="EMPTY_NAME #1" time="0.672"/>
  <testcase name="Mark already completed todo as completed #2" classname="EMPTY_NAME #1" time="0.676"/>
  <testcase name="Mark non-existent todo as completed #1" classname="EMPTY_NAME #1" time="0.633"/>
  <testcase name="Mark non-existent todo as completed #2" classname="EMPTY_NAME #1" time="0.638"/>
  <testcase name="Set a task under a category" classname="EMPTY_NAME #2" time="0.618"/>
  <testcase name="Set a non-existent task under category" classname="EMPTY_NAME #2" time="0.694"/>
  <testcase name="Set a task under a non-existent category" classname="EMPTY_NAME #2" time="0.636"/>
  <testcase name="Deleting a specific project without tasks" classname="Deleting a specific project" time="0.611"/>
  <testcase name="Deleting a specific project with tasks" classname="Deleting a specific project" time="0.658"/>
  <testcase name="Deleting a non-existing project" classname="Deleting a specific project" time="0.575"/>
  <testcase name="Querying all categories" classname="View categories" time="0.598"/>
  <testcase name="Querying categories with no categories registered" classname="View categories" time="0.598"/>
  <testcase name="Querying categories with an invalid endpoint" classname="View categories" time="0.54"/>
  <testcase name="Querying all projects" classname="View projects" time="0.628"/>
  <testcase name="Querying projects with no projects registered" classname="View projects" time="0.565"/>
  <testcase name="Querying projects with an invalid endpoint" classname="View projects" time="0.599"/>
  <testcase name="Request tasks for a project" classname="EMPTY_NAME #3" time="0.704"/>
  <testcase name="Request tasks for a project with no tasks" classname="EMPTY_NAME #3" time="0.684"/>
  <testcase name="Request tasks for a project not registered on the system" classname="EMPTY_NAME #3" time="0.646"/>
</testsuite>