<?xml version="1.0" encoding="UTF-8"?>
<testsuite xmlns:xsi="http://www.w3.org/2001/XMLSchema-instance" xsi:noNamespaceSchemaLocation="https://maven.apache.org/surefire/maven-surefire-plugin/xsd/surefire-test-report.xsd" name="project_B.RunCucumberTest" time="12.081" tests="20" errors="0" skipped="0" failures="1">
  <properties>
[...]
</properties>
  <testcase name="Create a category" classname="EMPTY_NAME #1" time="0.886">
    <failure type="java.lang.AssertionError">java.lang.AssertionError
</failure>
    <system-out><![CDATA[
@AddCategory
Scenario: Create a category                                                                &amp#27;[90m# project_B/AddCategory.feature:24&amp#27;[0m
  &amp#27;[32mGiven &amp#27;[0m&amp#27;[32mthe API server is running&amp#27;[0m                                                          &amp#27;[90m# project_B.MiscStepDefinition.theAPIServerIsRunning()&amp#27;[0m
  &amp#27;[32mAnd &amp#27;[0m&amp#27;[32mthe following categories are registered in the system:&amp#27;[0m                               &amp#27;[90m# project_B.tests.ViewCategories.the_following_categories_are_registered_in_the_todo_manager_restapi_system(io.cucumber.datatable.DataTable)&amp#27;[0m
  &amp#27;[32mGiven &amp#27;[0m&amp#27;[32m&amp#27;[0m&amp#27;[32m&amp#27;[1mnewTitle&amp#27;[0m&amp#27;[32m is the title of a category&amp#27;[0m                                                &amp#27;[90m# project_B.tests.AddCategory.selected_title_is_the_title_of_a_category(java.lang.String)&amp#27;[0m
  &amp#27;[32mAnd &amp#27;[0m&amp#27;[32m&amp#27;[0m&amp#27;[32m&amp#27;[1mnewDescription&amp#27;[0m&amp#27;[32m is the description of a category&amp#27;[0m                                      &amp#27;[90m# project_B.tests.AddCategory.is_the_description_of_a_category(java.lang.String)&amp#27;[0m
  &amp#27;[32mWhen &amp#27;[0m&amp#27;[32ma POST request to categories is sent with the following info:&amp#27;[0m                       &amp#27;[90m# project_B.tests.AddCategory.a_post_request_to_categories_is_sent_with_the_following_info(io.cucumber.datatable.DataTable)&amp#27;[0m
  &amp#27;[31mThen &amp#27;[0m&amp#27;[31ma category should be created with the title &amp#27;[0m&amp#27;[31m&amp#27;[1mnewTitle&amp#27;[0m&amp#27;[31m and description &amp#27;[0m&amp#27;[31m&amp#27;[1mnewDescription&amp#27;[0m &amp#27;[90m# project_B.tests.AddCategory.a_category_should_be_created_with_title_and_description(java.lang.String,java.lang.String)&amp#27;[0m
      &amp#27;[31mjava.lang.AssertionError
	at org.junit.Assert.fail(Assert.java:87)
	at org.junit.Assert.assertTrue(Assert.java:42)
	at org.junit.Assert.assertTrue(Assert.java:53)
	at project_B.tests.AddCategory.a_category_should_be_created_with_title_and_description(AddCategory.java:55)
	at ✽.a category should be created with the title newTitle and description newDescription(classpath:project_B/AddCategory.feature:21)
&amp#27;[0m
]]></system-out>
  </testcase>
  <testcase name="Create a category with only mandatory fields filled" classname="EMPTY_NAME #1" time="0.559"/>
  <testcase name="Create a category with the mandatory fields not filled" classname="EMPTY_NAME #1" time="0.553"/>
  <testcase name="Mark non completed todo as completed" classname="EMPTY_NAME #2" time="0.585"/>
  <testcase name="Mark already completed todo as completed #1" classname="EMPTY_NAME #2" time="0.58"/>
  <testcase name="Mark already completed todo as completed #2" classname="EMPTY_NAME #2" time="0.589"/>
  <testcase name="Mark non-existent todo as completed #1" classname="EMPTY_NAME #2" time="0.562"/>
  <testcase name="Mark non-existent todo as completed #2" classname="EMPTY_NAME #2" time="0.594"/>
  <testcase name="Set a task under a category" classname="EMPTY_NAME #3" time="0.569"/>
  <testcase name="Set a non-existent task under category" classname="EMPTY_NAME #3" time="0.581"/>
  <testcase name="Set a task under a non-existent category" classname="EMPTY_NAME #3" time="0.546"/>
  <testcase name="Querying all categories" classname="View categories" time="0.533"/>
  <testcase name="Querying categories with no categories registered" classname="View categories" time="0.52"/>
  <testcase name="Querying categories with an invalid endpoint" classname="View categories" time="0.515"/>
  <testcase name="Querying all projects" classname="View projects" time="0.558"/>
  <testcase name="Querying projects with no projects registered" classname="View projects" time="0.55"/>
  <testcase name="Querying projects with an invalid endpoint" classname="View projects" time="0.504"/>
  <testcase name="Request tasks for a project" classname="EMPTY_NAME #4" time="0.601"/>
  <testcase name="Request tasks for a project with no tasks" classname="EMPTY_NAME #4" time="0.584"/>
  <testcase name="Request tasks for a project not registered on the system" classname="EMPTY_NAME #4" time="0.59"/>
</testsuite>