<?xml version="1.0" encoding="UTF-8"?>
<testsuite xmlns:xsi="http://www.w3.org/2001/XMLSchema-instance" xsi:noNamespaceSchemaLocation="https://maven.apache.org/surefire/maven-surefire-plugin/xsd/surefire-test-report.xsd" name="project_B.RunCucumberTest" time="13.967" tests="28" errors="0" skipped="0" failures="0">
  <properties>
[...]
</properties>
  <testcase name="Creating a todo successfully" classname="Create a new instance of todo" time="0.8"/>
  <testcase name="Creating a todo successfully with no description" classname="Create a new instance of todo" time="0.514"/>
  <testcase name="Creating todo with an empty title unsuccessfully" classname="Create a new instance of todo" time="0.447"/>
  <testcase name="Deleting a todo successfully" classname="Delete a todo" time="0.5"/>
  <testcase name="Delete a todo that does not exist unsuccessfully" classname="Delete a todo" time="0.469"/>
  <testcase name="Delete a relationship between a todo and a category sucessfully" classname="Delete a relationship between a todo and a category" time="0.548"/>
  <testcase name="Delete a relationship between a todo and a category that does not exist" classname="Delete a relationship between a todo and a category" time="0.519"/>
  <testcase name="Mark non completed todo as completed" classname="EMPTY_NAME #1" time="0.456"/>
  <testcase name="Mark already completed todo as completed #1" classname="EMPTY_NAME #1" time="0.471"/>
  <testcase name="Mark already completed todo as completed #2" classname="EMPTY_NAME #1" time="0.47"/>
  <testcase name="Mark non-existent todo as completed #1" classname="EMPTY_NAME #1" time="0.466"/>
  <testcase name="Mark non-existent todo as completed #2" classname="EMPTY_NAME #1" time="0.512"/>
  <testcase name="Modify a todo&apos;s description field successfully" classname="Modify a todo&apos;s description field" time="0.468"/>
  <testcase name="Modify a todo&apos;s description field unsuccessfully" classname="Modify a todo&apos;s description field" time="0.447"/>
  <testcase name="Set a task under a category" classname="EMPTY_NAME #2" time="0.479"/>
  <testcase name="Set a non-existent task under category" classname="EMPTY_NAME #2" time="0.477"/>
  <testcase name="Set a task under a non-existent category" classname="EMPTY_NAME #2" time="0.476"/>
  <testcase name="Querying all categories" classname="View categories" time="0.447"/>
  <testcase name="Querying categories with no categories registered" classname="View categories" time="0.418"/>
  <testcase name="Querying categories with an invalid endpoint" classname="View categories" time="0.418"/>
  <testcase name="Querying all projects" classname="View projects" time="0.494"/>
  <testcase name="Querying projects with no projects registered" classname="View projects" time="0.455"/>
  <testcase name="Querying projects with an invalid endpoint" classname="View projects" time="0.418"/>
  <testcase name="Request tasks for a project" classname="EMPTY_NAME #3" time="0.484"/>
  <testcase name="Request tasks for a project with no tasks" classname="EMPTY_NAME #3" time="0.47"/>
  <testcase name="Request tasks for a project not registered on the system" classname="EMPTY_NAME #3" time="0.471"/>
  <testcase name=" #1" classname="Views all todos in a category" time="0.503"/>
  <testcase name=" #2" classname="Views all todos in a category" time="0.478"/>
</testsuite>