<?xml version="1.0" encoding="UTF-8"?>
<testsuite xmlns:xsi="http://www.w3.org/2001/XMLSchema-instance" xsi:noNamespaceSchemaLocation="https://maven.apache.org/surefire/maven-surefire-plugin/xsd/surefire-test-report.xsd" name="project_B.RunCucumberTest" time="12.081" tests="20" errors="0" skipped="0" failures="1">
  <properties>
    <property name="java.specification.version" value="20"/>
    <property name="sun.cpu.isalist" value="amd64"/>
    <property name="sun.jnu.encoding" value="Cp1252"/>
    <property name="java.class.path" value="C:\Users\vanes\Uni\ECSE 429\ECSE429\project-B\target\test-classes;C:\Users\vanes\Uni\ECSE 429\ECSE429\project-B\target\classes;C:\Users\vanes\.m2\repository\io\cucumber\cucumber-java\6.8.1\cucumber-java-6.8.1.jar;C:\Users\vanes\.m2\repository\io\cucumber\cucumber-core\6.8.1\cucumber-core-6.8.1.jar;C:\Users\vanes\.m2\repository\io\cucumber\cucumber-gherkin\6.8.1\cucumber-gherkin-6.8.1.jar;C:\Users\vanes\.m2\repository\io\cucumber\cucumber-gherkin-messages\6.8.1\cucumber-gherkin-messages-6.8.1.jar;C:\Users\vanes\.m2\repository\io\cucumber\messages\13.1.0\messages-13.1.0.jar;C:\Users\vanes\.m2\repository\io\cucumber\tag-expressions\3.0.0\tag-expressions-3.0.0.jar;C:\Users\vanes\.m2\repository\io\cucumber\cucumber-expressions\10.3.0\cucumber-expressions-10.3.0.jar;C:\Users\vanes\.m2\repository\io\cucumber\datatable\3.5.0\datatable-3.5.0.jar;C:\Users\vanes\.m2\repository\io\cucumber\cucumber-plugin\6.8.1\cucumber-plugin-6.8.1.jar;C:\Users\vanes\.m2\repository\io\cucumber\docstring\6.8.1\docstring-6.8.1.jar;C:\Users\vanes\.m2\repository\io\cucumber\html-formatter\9.0.0\html-formatter-9.0.0.jar;C:\Users\vanes\.m2\repository\io\cucumber\create-meta\2.0.2\create-meta-2.0.2.jar;C:\Users\vanes\.m2\repository\org\apiguardian\apiguardian-api\1.1.0\apiguardian-api-1.1.0.jar;C:\Users\vanes\.m2\repository\io\cucumber\cucumber-junit\6.8.1\cucumber-junit-6.8.1.jar;C:\Users\vanes\.m2\repository\org\apache\commons\commons-text\1.9\commons-text-1.9.jar;C:\Users\vanes\.m2\repository\org\apache\commons\commons-lang3\3.11\commons-lang3-3.11.jar;C:\Users\vanes\.m2\repository\junit\junit\4.13\junit-4.13.jar;C:\Users\vanes\.m2\repository\org\hamcrest\hamcrest-core\1.3\hamcrest-core-1.3.jar;C:\Users\vanes\.m2\repository\com\konghq\unirest-java\3.11.01\unirest-java-3.11.01.jar;C:\Users\vanes\.m2\repository\org\apache\httpcomponents\httpclient\4.5.13\httpclient-4.5.13.jar;C:\Users\vanes\.m2\repository\org\apache\httpcomponents\httpcore\4.4.13\httpcore-4.4.13.jar;C:\Users\vanes\.m2\repository\commons-logging\commons-logging\1.2\commons-logging-1.2.jar;C:\Users\vanes\.m2\repository\commons-codec\commons-codec\1.11\commons-codec-1.11.jar;C:\Users\vanes\.m2\repository\org\apache\httpcomponents\httpmime\4.5.13\httpmime-4.5.13.jar;C:\Users\vanes\.m2\repository\org\apache\httpcomponents\httpcore-nio\4.4.13\httpcore-nio-4.4.13.jar;C:\Users\vanes\.m2\repository\org\apache\httpcomponents\httpasyncclient\4.1.4\httpasyncclient-4.1.4.jar;C:\Users\vanes\.m2\repository\com\google\code\gson\gson\2.8.6\gson-2.8.6.jar;"/>
    <property name="java.vm.vendor" value="Oracle Corporation"/>
    <property name="sun.arch.data.model" value="64"/>
    <property name="user.variant" value=""/>
    <property name="java.vendor.url" value="https://java.oracle.com/"/>
    <property name="user.timezone" value="America/Toronto"/>
    <property name="os.name" value="Windows 11"/>
    <property name="java.vm.specification.version" value="20"/>
    <property name="sun.java.launcher" value="SUN_STANDARD"/>
    <property name="user.country" value="US"/>
    <property name="sun.boot.library.path" value="C:\Program Files\Java\jdk-20\bin"/>
    <property name="sun.java.command" value="C:\Users\vanes\AppData\Local\Temp\surefire14561333916155336469\surefirebooter5271749989144494384.jar C:\Users\vanes\AppData\Local\Temp\surefire14561333916155336469 2023-11-09T14-46-47_848-jvmRun1 surefire6997152963741402285tmp surefire_02984800969818096677tmp"/>
    <property name="jdk.debug" value="release"/>
    <property name="surefire.test.class.path" value="C:\Users\vanes\Uni\ECSE 429\ECSE429\project-B\target\test-classes;C:\Users\vanes\Uni\ECSE 429\ECSE429\project-B\target\classes;C:\Users\vanes\.m2\repository\io\cucumber\cucumber-java\6.8.1\cucumber-java-6.8.1.jar;C:\Users\vanes\.m2\repository\io\cucumber\cucumber-core\6.8.1\cucumber-core-6.8.1.jar;C:\Users\vanes\.m2\repository\io\cucumber\cucumber-gherkin\6.8.1\cucumber-gherkin-6.8.1.jar;C:\Users\vanes\.m2\repository\io\cucumber\cucumber-gherkin-messages\6.8.1\cucumber-gherkin-messages-6.8.1.jar;C:\Users\vanes\.m2\repository\io\cucumber\messages\13.1.0\messages-13.1.0.jar;C:\Users\vanes\.m2\repository\io\cucumber\tag-expressions\3.0.0\tag-expressions-3.0.0.jar;C:\Users\vanes\.m2\repository\io\cucumber\cucumber-expressions\10.3.0\cucumber-expressions-10.3.0.jar;C:\Users\vanes\.m2\repository\io\cucumber\datatable\3.5.0\datatable-3.5.0.jar;C:\Users\vanes\.m2\repository\io\cucumber\cucumber-plugin\6.8.1\cucumber-plugin-6.8.1.jar;C:\Users\vanes\.m2\repository\io\cucumber\docstring\6.8.1\docstring-6.8.1.jar;C:\Users\vanes\.m2\repository\io\cucumber\html-formatter\9.0.0\html-formatter-9.0.0.jar;C:\Users\vanes\.m2\repository\io\cucumber\create-meta\2.0.2\create-meta-2.0.2.jar;C:\Users\vanes\.m2\repository\org\apiguardian\apiguardian-api\1.1.0\apiguardian-api-1.1.0.jar;C:\Users\vanes\.m2\repository\io\cucumber\cucumber-junit\6.8.1\cucumber-junit-6.8.1.jar;C:\Users\vanes\.m2\repository\org\apache\commons\commons-text\1.9\commons-text-1.9.jar;C:\Users\vanes\.m2\repository\org\apache\commons\commons-lang3\3.11\commons-lang3-3.11.jar;C:\Users\vanes\.m2\repository\junit\junit\4.13\junit-4.13.jar;C:\Users\vanes\.m2\repository\org\hamcrest\hamcrest-core\1.3\hamcrest-core-1.3.jar;C:\Users\vanes\.m2\repository\com\konghq\unirest-java\3.11.01\unirest-java-3.11.01.jar;C:\Users\vanes\.m2\repository\org\apache\httpcomponents\httpclient\4.5.13\httpclient-4.5.13.jar;C:\Users\vanes\.m2\repository\org\apache\httpcomponents\httpcore\4.4.13\httpcore-4.4.13.jar;C:\Users\vanes\.m2\repository\commons-logging\commons-logging\1.2\commons-logging-1.2.jar;C:\Users\vanes\.m2\repository\commons-codec\commons-codec\1.11\commons-codec-1.11.jar;C:\Users\vanes\.m2\repository\org\apache\httpcomponents\httpmime\4.5.13\httpmime-4.5.13.jar;C:\Users\vanes\.m2\repository\org\apache\httpcomponents\httpcore-nio\4.4.13\httpcore-nio-4.4.13.jar;C:\Users\vanes\.m2\repository\org\apache\httpcomponents\httpasyncclient\4.1.4\httpasyncclient-4.1.4.jar;C:\Users\vanes\.m2\repository\com\google\code\gson\gson\2.8.6\gson-2.8.6.jar;"/>
    <property name="sun.cpu.endian" value="little"/>
    <property name="user.home" value="C:\Users\vanes"/>
    <property name="user.language" value="en"/>
    <property name="java.specification.vendor" value="Oracle Corporation"/>
    <property name="java.version.date" value="2023-04-18"/>
    <property name="java.home" value="C:\Program Files\Java\jdk-20"/>
    <property name="file.separator" value="\"/>
    <property name="basedir" value="C:\Users\vanes\Uni\ECSE 429\ECSE429\project-B"/>
    <property name="java.vm.compressedOopsMode" value="Zero based"/>
    <property name="line.separator" value="&#10;"/>
    <property name="java.vm.specification.vendor" value="Oracle Corporation"/>
    <property name="java.specification.name" value="Java Platform API Specification"/>
    <property name="surefire.real.class.path" value="C:\Users\vanes\AppData\Local\Temp\surefire14561333916155336469\surefirebooter5271749989144494384.jar"/>
    <property name="user.script" value=""/>
    <property name="sun.management.compiler" value="HotSpot 64-Bit Tiered Compilers"/>
    <property name="java.runtime.version" value="20.0.1+9-29"/>
    <property name="user.name" value="vanes"/>
    <property name="stdout.encoding" value="Cp1252"/>
    <property name="path.separator" value=";"/>
    <property name="os.version" value="10.0"/>
    <property name="java.runtime.name" value="Java(TM) SE Runtime Environment"/>
    <property name="file.encoding" value="UTF-8"/>
    <property name="java.vm.name" value="Java HotSpot(TM) 64-Bit Server VM"/>
    <property name="localRepository" value="C:\Users\vanes\.m2\repository"/>
    <property name="java.vendor.url.bug" value="https://bugreport.java.com/bugreport/"/>
    <property name="java.io.tmpdir" value="C:\Users\vanes\AppData\Local\Temp\"/>
    <property name="java.version" value="20.0.1"/>
    <property name="user.dir" value="C:\Users\vanes\Uni\ECSE 429\ECSE429\project-B"/>
    <property name="os.arch" value="amd64"/>
    <property name="java.vm.specification.name" value="Java Virtual Machine Specification"/>
    <property name="sun.os.patch.level" value=""/>
    <property name="native.encoding" value="Cp1252"/>
    <property name="java.library.path" value="C:\Program Files\Java\jdk-20\bin;C:\Windows\Sun\Java\bin;C:\Windows\system32;C:\Windows;C:\Program Files\Common Files\Oracle\Java\javapath;C:\Program Files (x86)\Common Files\Oracle\Java\javapath;C:\Program Files\Microsoft\jdk-11.0.16.101-hotspot\bin;C:\Windows\system32;C:\Windows;C:\Windows\System32\Wbem;C:\Windows\System32\WindowsPowerShell\v1.0\;C:\Windows\System32\OpenSSH\;C:\Program Files\Microsoft SQL Server\150\Tools\Binn\;C:\Program Files\Microsoft SQL Server\Client SDK\ODBC\170\Tools\Binn\;C:\Program Files\dotnet\;C:\Program Files\Maven\apache-maven-3.9.5;C:\Program Files\Maven\apache-maven-3.9.5\bin;C:\Program Files\Git\cmd;C:\Users\vanes\AppData\Local\Programs\Python\Python311\Scripts\;C:\Users\vanes\AppData\Local\Programs\Python\Python311\;C:\Users\vanes\AppData\Local\Microsoft\WindowsApps;C:\Users\vanes\.dotnet\tools;C:\Users\vanes\AppData\Local\Programs\Microsoft VS Code\bin;."/>
    <property name="java.vm.info" value="mixed mode, sharing"/>
    <property name="stderr.encoding" value="Cp1252"/>
    <property name="java.vendor" value="Oracle Corporation"/>
    <property name="java.vm.version" value="20.0.1+9-29"/>
    <property name="sun.io.unicode.encoding" value="UnicodeLittle"/>
    <property name="java.class.version" value="64.0"/>
  </properties>
  <testcase name="Create a category" classname="EMPTY_NAME #1" time="0.886">
    <failure type="java.lang.AssertionError">java.lang.AssertionError
</failure>
    <system-out><![CDATA[
@AddCategory
Scenario: Create a category                                                                &amp#27;[90m# project_B/AddCategory.feature:24&amp#27;[0m
  &amp#27;[32mGiven &amp#27;[0m&amp#27;[32mthe API server is running&amp#27;[0m                                                          &amp#27;[90m# project_B.MiscStepDefinition.theAPIServerIsRunning()&amp#27;[0m
  &amp#27;[32mAnd &amp#27;[0m&amp#27;[32mthe following categories are registered in the system:&amp#27;[0m                               &amp#27;[90m# project_B.tests.ViewCategories.the_following_categories_are_registered_in_the_todo_manager_restapi_system(io.cucumber.datatable.DataTable)&amp#27;[0m
  &amp#27;[32mGiven &amp#27;[0m&amp#27;[32m&amp#27;[0m&amp#27;[32m&amp#27;[1mnewTitle&amp#27;[0m&amp#27;[32m is the title of a category&amp#27;[0m                                                &amp#27;[90m# project_B.tests.AddCategory.selected_title_is_the_title_of_a_category(java.lang.String)&amp#27;[0m
  &amp#27;[32mAnd &amp#27;[0m&amp#27;[32m&amp#27;[0m&amp#27;[32m&amp#27;[1mnewDescription&amp#27;[0m&amp#27;[32m is the description of a category&amp#27;[0m                                      &amp#27;[90m# project_B.tests.AddCategory.is_the_description_of_a_category(java.lang.String)&amp#27;[0m
  &amp#27;[32mWhen &amp#27;[0m&amp#27;[32ma POST request to categories is sent with the following info:&amp#27;[0m                       &amp#27;[90m# project_B.tests.AddCategory.a_post_request_to_categories_is_sent_with_the_following_info(io.cucumber.datatable.DataTable)&amp#27;[0m
  &amp#27;[31mThen &amp#27;[0m&amp#27;[31ma category should be created with the title &amp#27;[0m&amp#27;[31m&amp#27;[1mnewTitle&amp#27;[0m&amp#27;[31m and description &amp#27;[0m&amp#27;[31m&amp#27;[1mnewDescription&amp#27;[0m &amp#27;[90m# project_B.tests.AddCategory.a_category_should_be_created_with_title_and_description(java.lang.String,java.lang.String)&amp#27;[0m
      &amp#27;[31mjava.lang.AssertionError
	at org.junit.Assert.fail(Assert.java:87)
	at org.junit.Assert.assertTrue(Assert.java:42)
	at org.junit.Assert.assertTrue(Assert.java:53)
	at project_B.tests.AddCategory.a_category_should_be_created_with_title_and_description(AddCategory.java:55)
	at âœ½.a category should be created with the title newTitle and description newDescription(classpath:project_B/AddCategory.feature:21)
&amp#27;[0m
]]></system-out>
  </testcase>
  <testcase name="Create a category with only mandatory fields filled" classname="EMPTY_NAME #1" time="0.559"/>
  <testcase name="Create a category with the mandatory fields not filled" classname="EMPTY_NAME #1" time="0.553"/>
  <testcase name="Mark non completed todo as completed" classname="EMPTY_NAME #2" time="0.585"/>
  <testcase name="Mark already completed todo as completed #1" classname="EMPTY_NAME #2" time="0.58"/>
  <testcase name="Mark already completed todo as completed #2" classname="EMPTY_NAME #2" time="0.589"/>
  <testcase name="Mark non-existent todo as completed #1" classname="EMPTY_NAME #2" time="0.562"/>
  <testcase name="Mark non-existent todo as completed #2" classname="EMPTY_NAME #2" time="0.594"/>
  <testcase name="Set a task under a category" classname="EMPTY_NAME #3" time="0.569"/>
  <testcase name="Set a non-existent task under category" classname="EMPTY_NAME #3" time="0.581"/>
  <testcase name="Set a task under a non-existent category" classname="EMPTY_NAME #3" time="0.546"/>
  <testcase name="Querying all categories" classname="View categories" time="0.533"/>
  <testcase name="Querying categories with no categories registered" classname="View categories" time="0.52"/>
  <testcase name="Querying categories with an invalid endpoint" classname="View categories" time="0.515"/>
  <testcase name="Querying all projects" classname="View projects" time="0.558"/>
  <testcase name="Querying projects with no projects registered" classname="View projects" time="0.55"/>
  <testcase name="Querying projects with an invalid endpoint" classname="View projects" time="0.504"/>
  <testcase name="Request tasks for a project" classname="EMPTY_NAME #4" time="0.601"/>
  <testcase name="Request tasks for a project with no tasks" classname="EMPTY_NAME #4" time="0.584"/>
  <testcase name="Request tasks for a project not registered on the system" classname="EMPTY_NAME #4" time="0.59"/>
</testsuite>